code-creation,Stub,0x2c32c020,177,"JSEntryStub"
code-creation,Stub,0x2c32c0e0,177,"JSConstructEntryStub"
code-creation,Stub,0x2c32c1a0,517,"CEntryStub"
code-creation,Builtin,0x2c32c3c0,45,"Illegal"
code-creation,Builtin,0x2c32c400,45,"EmptyFunction"
code-creation,Builtin,0x2c32c440,45,"ArrayCodeGeneric"
code-creation,Builtin,0x2c32c480,45,"ArrayPush"
code-creation,Builtin,0x2c32c4c0,45,"ArrayPop"
code-creation,Builtin,0x2c32c500,45,"ArrayShift"
code-creation,Builtin,0x2c32c540,45,"ArrayUnshift"
code-creation,Builtin,0x2c32c580,45,"ArraySlice"
code-creation,Builtin,0x2c32c5c0,45,"ArraySplice"
code-creation,Builtin,0x2c32c600,45,"ArrayConcat"
code-creation,Builtin,0x2c32c640,48,"HandleApiCall"
code-creation,Builtin,0x2c32c680,45,"FastHandleApiCall"
code-creation,Builtin,0x2c32c6c0,48,"HandleApiCallConstruct"
code-creation,Builtin,0x2c32c700,45,"HandleApiCallAsFunction"
code-creation,Builtin,0x2c32c740,45,"HandleApiCallAsConstructor"
code-creation,Builtin,0x2c32c780,45,"StrictModePoisonPill"
code-creation,Builtin,0x2c32c7c0,142,"ArgumentsAdaptorTrampoline"
code-creation,Builtin,0x2c32c860,89,"JSConstructCall"
code-creation,Builtin,0x2c32c8c0,432,"JSConstructStubCountdown"
code-creation,Builtin,0x2c32ca80,400,"JSConstructStubGeneric"
code-creation,Builtin,0x2c32cc20,374,"JSConstructStubApi"
code-creation,Builtin,0x2c32cda0,126,"JSEntryTrampoline"
code-creation,Builtin,0x2c32ce20,95,"JSConstructEntryTrampoline"
code-creation,Builtin,0x2c32ce80,69,"LazyCompile"
code-creation,Builtin,0x2c32cee0,69,"LazyRecompile"
code-creation,Builtin,0x2c32cf40,111,"NotifyDeoptimized"
code-creation,Builtin,0x2c32cfc0,111,"NotifyLazyDeoptimized"
code-creation,Builtin,0x2c32d040,59,"NotifyOSR"
code-creation,Builtin,0x2c32d080,51,"LoadIC_Miss"
code-creation,Builtin,0x2c32d0c0,51,"KeyedLoadIC_Miss"
code-creation,Builtin,0x2c32d100,51,"KeyedLoadIC_MissForceGeneric"
code-creation,Builtin,0x2c32d140,51,"KeyedLoadIC_Slow"
code-creation,Builtin,0x2c32d180,52,"StoreIC_Miss"
code-creation,Builtin,0x2c32d1c0,52,"KeyedStoreIC_Miss"
code-creation,Builtin,0x2c32d200,52,"KeyedStoreIC_MissForceGeneric"
code-creation,Builtin,0x2c32d240,52,"KeyedStoreIC_Slow"
code-creation,Builtin,0x2c32d280,51,"LoadIC_Initialize"
code-creation,Builtin,0x2c32d2c0,51,"LoadIC_PreMonomorphic"
code-creation,Stub,0x2c32d300,708,"StringDictionaryNegativeLookupStub"
code-creation,Builtin,0x2c32d5e0,284,"LoadIC_Normal"
code-creation,Builtin,0x2c32d700,62,"LoadIC_ArrayLength"
code-creation,Builtin,0x2c32d740,65,"LoadIC_StringLength"
code-creation,Builtin,0x2c32d7a0,109,"LoadIC_StringWrapperLength"
code-creation,Builtin,0x2c32d820,113,"LoadIC_FunctionPrototype"
code-creation,Builtin,0x2c32d8a0,201,"LoadIC_Megamorphic"
code-creation,Builtin,0x2c32d980,51,"KeyedLoadIC_Initialize"
code-creation,Builtin,0x2c32d9c0,51,"KeyedLoadIC_PreMonomorphic"
code-creation,Stub,0x2c32da00,708,"StringDictionaryNegativeLookupStub"
code-creation,Builtin,0x2c32dce0,651,"KeyedLoadIC_Generic"
code-creation,Builtin,0x2c32e020,447,"KeyedLoadIC_String"
code-creation,Builtin,0x2c32e1e0,112,"KeyedLoadIC_IndexedInterceptor"
code-creation,Builtin,0x2c32e260,184,"KeyedLoadIC_NonStrictArguments"
code-creation,Builtin,0x2c32e320,52,"StoreIC_Initialize"
code-creation,Builtin,0x2c32e360,117,"StoreIC_ArrayLength"
code-creation,Stub,0x2c32e3e0,708,"StringDictionaryNegativeLookupStub"
code-creation,Builtin,0x2c32e6c0,344,"StoreIC_Normal"
code-creation,Builtin,0x2c32e820,223,"StoreIC_Megamorphic"
code-creation,Builtin,0x2c32e900,56,"StoreIC_GlobalProxy"
code-creation,Builtin,0x2c32e940,52,"StoreIC_Initialize_Strict"
code-creation,Builtin,0x2c32e980,117,"StoreIC_ArrayLength_Strict"
code-creation,Builtin,0x2c32ea00,344,"StoreIC_Normal_Strict"
code-creation,Builtin,0x2c32eb60,223,"StoreIC_Megamorphic_Strict"
code-creation,Builtin,0x2c32ec40,56,"StoreIC_GlobalProxy_Strict"
code-creation,Builtin,0x2c32ec80,52,"KeyedStoreIC_Initialize"
code-creation,Builtin,0x2c32ecc0,238,"KeyedStoreIC_Generic"
code-creation,Builtin,0x2c32edc0,52,"KeyedStoreIC_Initialize_Strict"
code-creation,Builtin,0x2c32ee00,238,"KeyedStoreIC_Generic_Strict"
code-creation,Builtin,0x2c32ef00,276,"KeyedStoreIC_NonStrictArguments"
code-creation,Builtin,0x2c32f020,341,"FunctionCall"
code-creation,Builtin,0x2c32f180,354,"FunctionApply"
code-creation,Builtin,0x2c32f300,444,"ArrayCode"
code-creation,Builtin,0x2c32f4c0,448,"ArrayConstructCode"
code-creation,Builtin,0x2c32f680,327,"StringConstructCode"
code-creation,Stub,0x2c32f7e0,44,"StackCheckStub"
code-creation,Builtin,0x2c32f820,500,"OnStackReplacement"
code-creation,Builtin,0x2c32fa20,67,"Return_DebugBreak"
code-creation,Builtin,0x2c32fa80,70,"ConstructCall_DebugBreak"
code-creation,Builtin,0x2c32fae0,62,"StubNoRegisters_DebugBreak"
code-creation,Builtin,0x2c32fb20,66,"LoadIC_DebugBreak"
code-creation,Builtin,0x2c32fb80,66,"KeyedLoadIC_DebugBreak"
code-creation,Builtin,0x2c32fbe0,68,"StoreIC_DebugBreak"
code-creation,Builtin,0x2c32fc40,68,"KeyedStoreIC_DebugBreak"
code-creation,Builtin,0x2c32fca0,65,"Slot_DebugBreak"
code-creation,Builtin,0x2c32fd00,33,"PlainReturn_LiveEdit"
code-creation,Builtin,0x2c32fd40,61,"FrameDropper_LiveEdit"
code-creation,Script,0x2c32fd80,488,"native runtime.js",0x4030a82c,
code-creation,CallInitialize,0x2c330020,146,"args_count: 1"
code-creation,CallInitialize,0x2c3300c0,146,"args_count: 2"
code-creation,LazyCompile,0x2c330160,1540,"EQUALS native runtime.js:54",0x4030975c,
code-creation,LazyCompile,0x2c330780,288,"STRICT_EQUALS native runtime.js:100",0x403097b8,
code-creation,Stub,0x2c3308a0,182,"StringCompareStub"
code-creation,Stub,0x2c330960,76,"CompareICStub"
code-creation,LazyCompile,0x2c3309c0,840,"COMPARE native runtime.js:120",0x40309814,
code-creation,Stub,0x2c330d20,1257,"StringAddStub"
code-creation,LazyCompile,0x2c331220,512,"ADD native runtime.js:163",0x40309870,
code-creation,LazyCompile,0x2c331420,212,"SUB native runtime.js:214",0x40309984,
code-creation,LazyCompile,0x2c331500,212,"MUL native runtime.js:222",0x403099e0,
code-creation,LazyCompile,0x2c3315e0,212,"DIV native runtime.js:230",0x40309a3c,
code-creation,LazyCompile,0x2c3316c0,212,"MOD native runtime.js:238",0x40309a98,
code-creation,LazyCompile,0x2c3317a0,212,"BIT_OR native runtime.js:252",0x40309af4,
code-creation,LazyCompile,0x2c331880,300,"BIT_AND native runtime.js:260",0x40309b50,
code-creation,LazyCompile,0x2c3319c0,212,"BIT_XOR native runtime.js:282",0x40309bac,
code-creation,LazyCompile,0x2c331aa0,160,"UNARY_MINUS native runtime.js:290",0x40309c08,
code-creation,LazyCompile,0x2c331b40,160,"BIT_NOT native runtime.js:297",0x40309c64,
code-creation,LazyCompile,0x2c331be0,212,"SHL native runtime.js:304",0x40309cc0,
code-creation,LazyCompile,0x2c331cc0,300,"SAR native runtime.js:312",0x40309d1c,
code-creation,LazyCompile,0x2c331e00,212,"SHR native runtime.js:334",0x40309d78,
code-creation,LazyCompile,0x2c331ee0,144,"DELETE native runtime.js:348",0x40309dd4,
code-creation,Stub,0x2c332020,161,"FastCloneShallowArrayStub"
code-creation,Stub,0x2c3320e0,53,"ToBooleanStub_None"
code-creation,LazyCompile,0x2c332120,384,"IN native runtime.js:354",0x40309e30,
code-creation,Stub,0x2c3322a0,76,"CompareICStub"
code-creation,Stub,0x2c332300,155,"FastCloneShallowArrayStub"
code-creation,LazyCompile,0x2c3323a0,552,"INSTANCE_OF native runtime.js:367",0x40309e8c,
code-creation,LazyCompile,0x2c3325e0,100,"GET_KEYS native runtime.js:391",0x40309ee8,
code-creation,LazyCompile,0x2c332660,152,"FILTER_KEY native runtime.js:399",0x40309f44,
code-creation,Stub,0x2c332700,322,"ArgumentsAccessStub_NewNonStrictFast"
code-creation,LazyCompile,0x2c332860,320,"CALL_NON_FUNCTION native runtime.js:406",0x40309fa0,
code-creation,LazyCompile,0x2c3329a0,320,"CALL_NON_FUNCTION_AS_CONSTRUCTOR native runtime.js:415",0x4030a020,
code-creation,Stub,0x2c332ae0,60,"BinaryOpStub_SUB_Alloc_Uninitialized"
code-creation,Stub,0x2c332b20,98,"ArgumentsAccessStub_ReadElement"
code-creation,LazyCompile,0x2c332ba0,204,"CALL_FUNCTION_PROXY native runtime.js:424",0x4030a07c,
code-creation,Stub,0x2c332c80,131,"FastNewContextStub"
code-creation,CallInitialize,0x2c332d20,148,"args_count: 2"
code-creation,LazyCompile,0x2c332dc0,544,"CALL_FUNCTION_PROXY_AS_CONSTRUCTOR native runtime.js:432",0x4030a0d8,
code-creation,LazyCompile,0x2c332fe0,104,"TO_OBJECT native runtime.js:492",0x4030a1ec,
code-creation,LazyCompile,0x2c333060,104,"TO_NUMBER native runtime.js:498",0x4030a248,
code-creation,LazyCompile,0x2c3330e0,104,"TO_STRING native runtime.js:504",0x4030a2a4,
code-creation,Stub,0x2c333160,163,"NumberToStringStub"
code-creation,LazyCompile,0x2c333220,472,"STRING_ADD_LEFT native runtime.js:183",0x403098cc,
code-creation,LazyCompile,0x2c333400,484,"STRING_ADD_RIGHT native runtime.js:198",0x40309928,
code-creation,Stub,0x2c333600,76,"CompareICStub"
code-creation,Stub,0x2c333660,76,"CompareICStub"
code-creation,Stub,0x2c3336c0,76,"CompareICStub"
code-creation,Stub,0x2c333720,134,"FastCloneShallowArrayStub"
code-creation,LazyCompile,0x2c3337c0,1032,"APPLY_PREPARE native runtime.js:449",0x4030a134,
code-creation,LazyCompile,0x2c333be0,136,"APPLY_OVERFLOW native runtime.js:486",0x4030a190,
code-creation,CallInitialize,0x2c333c80,148,"args_count: 0"
code-creation,CallInitialize,0x2c333d20,148,"args_count: 12"
code-creation,CallInitialize,0x2c333dc0,157,"args_count: 38"
code-creation,CallInitialize,0x2c333e60,148,"args_count: 3"
code-creation,Script,0x2c334020,1516,"native v8natives.js",0x4030da80,
code-creation,CallPreMonomorphic,0x2c334620,148,"args_count: 0"
code-creation,CallInitialize,0x2c3346c0,148,"args_count: 10"
code-creation,LazyCompile,0x2c334760,368,"SetUpGlobal native v8natives.js:193",0x4030bcb0,
code-creation,CallPreMonomorphic,0x2c3348e0,148,"args_count: 10"
code-creation,CallPreMonomorphic,0x2c334980,148,"args_count: 3"
code-creation,Stub,0x2c334a20,60,"BinaryOpStub_SAR_Alloc_Uninitialized"
code-creation,Stub,0x2c334a60,60,"BinaryOpStub_ADD_Alloc_Uninitialized"
code-creation,LazyCompile,0x2c334aa0,452,"InstallFunctions native v8natives.js:48",0x4030b9d0,
code-creation,Stub,0x2c334c80,94,"CompareICStub"
code-creation,Stub,0x2c334ce0,94,"BinaryOpStub_SAR_Alloc_SMI"
code-creation,Stub,0x2c334d40,94,"CompareICStub"
code-creation,Stub,0x2c334da0,76,"KeyedLoadElementStub"
code-creation,KeyedLoadIC,0x2c334e00,59,""
code-creation,KeyedLoadIC,0x2c334e00,59,"args_count: 0"
code-creation,Stub,0x2c334e40,89,"BinaryOpStub_ADD_Alloc_SMI"
code-creation,CallInitialize,0x2c334ea0,148,"args_count: 1"
code-creation,LazyCompile,0x2c334f40,216,"$Object.constructor native v8natives.js:220",0x4030d274,
code-creation,LazyCompile,0x2c334f40,216,"$Object.constructor native v8natives.js:220",0x4030d274,
code-creation,CallPreMonomorphic,0x2c335020,148,"args_count: 1"
code-creation,LazyCompile,0x2c3350c0,352,"ToBoolean native runtime.js:527",0x4030a35c,
code-creation,StoreIC,0x2c335220,118,"constructor"
code-creation,StoreIC,0x2c335220,118,"constructor"
code-creation,CallPreMonomorphic,0x2c3352a0,148,"args_count: 12"
code-creation,CallPreMonomorphic,0x2c335340,157,"args_count: 38"
code-creation,Stub,0x2c3353e0,60,"BinaryOpStub_ADD_OverwriteLeft_Uninitialized"
code-creation,Stub,0x2c335420,66,"ToNumberStub"
code-creation,LazyCompile,0x2c335480,680,"SetUpLockedPrototype native v8natives.js:79",0x4030ba88,
code-creation,Stub,0x2c335740,84,"ToBooleanStub_SpecObject"
code-creation,Stub,0x2c3357a0,89,"BinaryOpStub_ADD_OverwriteLeft_SMI"
code-creation,LazyCompile,0x2c335800,292,"a native v8natives.js:1171",0x4030d9a4,
code-creation,LazyCompile,0x2c335800,292,"a native v8natives.js:1171",0x4030d9a4,
code-creation,CallInitialize,0x2c335940,148,"args_count: 20"
code-creation,CallInitialize,0x2c3359e0,148,"args_count: 26"
code-creation,LazyCompile,0x2c335a80,636,"SetUpObject native v8natives.js:1186",0x4030ccb4,
code-creation,CallPreMonomorphic,0x2c335d00,148,"args_count: 20"
code-creation,CallPreMonomorphic,0x2c335da0,148,"args_count: 26"
code-creation,CallInitialize,0x2c335e40,148,"args_count: 4"
code-creation,LazyCompile,0x2c335ee0,188,"SetUpBoolean native v8natives.js:1249",0x4030cdc8,
code-creation,CallPreMonomorphic,0x2c336020,148,"args_count: 4"
code-creation,LazyCompile,0x2c3360c0,256,"b native v8natives.js:1264",0x4030da00,
code-creation,LazyCompile,0x2c3360c0,256,"b native v8natives.js:1264",0x4030da00,
code-creation,Stub,0x2c3361c0,88,"CompareICStub"
code-creation,LazyCompile,0x2c336220,380,"ToNumber native runtime.js:537",0x4030a3b8,
code-creation,LazyCompile,0x2c3363a0,640,"SetUpNumber native v8natives.js:1372",0x4030d04c,
code-creation,Stub,0x2c336620,170,"CallFunctionStub_Args0"
code-creation,LazyCompile,0x2c3366e0,736,"NewFunction native v8natives.js:1527",0x4030d1bc,
code-creation,LazyCompile,0x2c3366e0,736,"NewFunction native v8natives.js:1527",0x4030d1bc,
code-creation,LazyCompile,0x2c3369c0,188,"SetUpFunction native v8natives.js:1553",0x4030d218,
code-creation,Script,0x2c336a80,176,"native array.js",0x4030f84c,
code-creation,Function,0x2c336b40,204,"getFunction native array.js:1330",0x4030ff68,
code-creation,Stub,0x2c336c20,155,"FastNewClosureStub"
code-creation,Stub,0x2c336cc0,173,"CallFunctionStub_Args2"
code-creation,Stub,0x2c336d80,173,"CallFunctionStub_Args3"
code-creation,CallInitialize,0x2c336e40,157,"args_count: 42"
code-creation,CallInitialize,0x2c336ee0,148,"args_count: 6"
code-creation,LazyCompile,0x2c336f80,1588,"SetUpArray native array.js:1317",0x4030f7cc,
code-creation,CallPreMonomorphic,0x2c3375c0,148,"args_count: 2"
code-creation,CallPreMonomorphic,0x2c337660,146,"args_count: 1"
code-creation,LazyCompile,0x2c337700,376,"hasOwnProperty native v8natives.js:264",0x4030be20,
code-creation,Stub,0x2c337880,79,"ToBooleanStub_Bool"
code-creation,CallMiss,0x2c3378e0,146,"args_count: 1"
code-creation,CallIC,0x2c337980,96,"hasOwnProperty"
code-creation,KeyedLoadIC,0x2c3379e0,76,"push"
code-creation,KeyedLoadIC,0x2c3379e0,76,"push"
code-creation,KeyedLoadIC,0x2c337a40,76,"concat"
code-creation,KeyedLoadIC,0x2c337a40,76,"concat"
code-creation,CallPreMonomorphic,0x2c337aa0,157,"args_count: 42"
code-creation,LazyCompile,0x2c337b40,168,"InstallFunctionsOnHiddenPrototype native v8natives.js:67",0x4030ba2c,
code-creation,CallPreMonomorphic,0x2c337c00,148,"args_count: 6"
code-creation,Stub,0x2c337ca0,134,"FastCloneShallowArrayStub"
code-creation,Script,0x2c337d40,588,"native string.js",0x403118d8,
code-creation,LazyCompile,0x2c338020,304,"b native string.js:36",0x40311744,
code-creation,LazyCompile,0x2c338020,304,"b native string.js:36",0x40311744,
code-creation,CallInitialize,0x2c338160,157,"args_count: 70"
code-creation,LazyCompile,0x2c338200,944,"SetUpString native string.js:943",0x403116e8,
code-creation,CallPreMonomorphic,0x2c3385c0,157,"args_count: 70"
code-creation,LoadIC,0x2c338660,61,"$Object"
code-creation,LoadIC,0x2c338660,61,"$Object"
code-creation,CallMiss,0x2c3386a0,148,"args_count: 3"
code-creation,CallIC,0x2c338740,92,"InstallFunctions"
code-creation,Script,0x2c3387a0,180,"native uri.js",0x40312a28,
code-creation,LazyCompile,0x2c338860,252,"SetUpUri native uri.js:395",0x403129a8,
code-creation,Script,0x2c338960,408,"native math.js",0x403135e8,
code-creation,LazyCompile,0x2c338b00,80,"MathConstructor native math.js:38",0x40312e94,
code-creation,CallInitialize,0x2c338b60,157,"args_count: 36"
code-creation,LazyCompile,0x2c338c00,868,"SetUpMath native math.js:198",0x40313568,
code-creation,CallPreMonomorphic,0x2c338f80,157,"args_count: 36"
code-creation,CallInitialize,0x2c339020,148,"args_count: 5"
code-creation,CallInitialize,0x2c3390c0,148,"args_count: 14"
code-creation,CallInitialize,0x2c339160,148,"args_count: 30"
code-creation,Script,0x2c339200,1568,"native messages.js",0x403160a0,
code-creation,LazyCompile,0x2c339820,128,"b native messages.js:124",0x40316020,
code-creation,LazyCompile,0x2c339820,128,"b native messages.js:124",0x40316020,
code-creation,CallPreMonomorphic,0x2c3398a0,148,"args_count: 5"
code-creation,CallPreMonomorphic,0x2c339940,148,"args_count: 14"
code-creation,CallPreMonomorphic,0x2c3399e0,148,"args_count: 30"
code-creation,Stub,0x2c339a80,173,"CallFunctionStub_Args1"
code-creation,LazyCompile,0x2c339b40,312,"SetUpError native messages.js:1069",0x40315ec0,
code-creation,Function,0x2c339c80,80,"ErrorPrototype native messages.js:1088",0x40316e14,
code-creation,Function,0x2c339ce0,140," native messages.js:1115",0x40316e94,
code-creation,Function,0x2c339d80,400," native messages.js:1104",0x40316f14,
code-creation,LazyCompile,0x2c33a020,580,"DefineError native messages.js:1072",0x40316af0,
code-creation,Stub,0x2c33a280,1214,"StringAddStub"
code-creation,Stub,0x2c33a740,96,"BinaryOpStub_ADD_Alloc_BothStrings"
code-creation,Stub,0x2c33a7a0,113,"CompareICStub"
code-creation,LazyCompile,0x2c339d80,400," native messages.js:1104",0x40316f14,
code-creation,LoadIC,0x2c33a820,61,"global"
code-creation,LoadIC,0x2c33a820,61,"global"
code-creation,LoadIC,0x2c33a860,61,"builtins"
code-creation,LoadIC,0x2c33a860,61,"builtins"
code-creation,Stub,0x2c33a8a0,438,"CompareStub_EQ_STRICT"
code-creation,Function,0x2c33aa60,104," native messages.js:1063",0x40316fc8,
code-creation,LazyCompile,0x2c33aae0,368,"captureStackTrace native messages.js:1054",0x40315e64,
code-creation,Stub,0x2c33ac60,69,"ToBooleanStub_Undefined"
code-creation,LazyCompile,0x2c339d80,400," native messages.js:1104",0x40316f14,
code-creation,LoadIC,0x2c33acc0,61,"$Error"
code-creation,LoadIC,0x2c33acc0,61,"$Error"
code-creation,LoadIC,0x2c33ad00,61,"kAddMessageAccessorsMarker"
code-creation,LoadIC,0x2c33ad00,61,"kAddMessageAccessorsMarker"
code-creation,CallMiss,0x2c33ad40,148,"args_count: 2"
code-creation,CallIC,0x2c33ade0,92,"captureStackTrace"
code-creation,LoadIC,0x2c33ae40,100,""
code-creation,LoadIC,0x2c33ae40,100,""
code-creation,LazyCompile,0x2c339d80,400," native messages.js:1104",0x40316f14,
code-creation,LazyCompile,0x2c339d80,400," native messages.js:1104",0x40316f14,
code-creation,LazyCompile,0x2c339d80,400," native messages.js:1104",0x40316f14,
code-creation,LazyCompile,0x2c339d80,400," native messages.js:1104",0x40316f14,
code-creation,LazyCompile,0x2c339d80,400," native messages.js:1104",0x40316f14,
code-creation,LazyCompile,0x2c33aec0,116,"MakeRangeError native messages.js:297",0x40315004,
code-creation,LazyCompile,0x2c33af40,216,"MakeGenericError native messages.js:107",0x40314e38,
code-creation,Stub,0x2c33b020,140,"FastNewContextStub"
code-creation,Function,0x2c33b0c0,252,"getter native messages.js:733",0x40317104,
code-creation,Function,0x2c33b1c0,192,"setter native messages.js:741",0x40317184,
code-creation,LazyCompile,0x2c33b280,400,"DefineOneShotAccessor native messages.js:727",0x403156d8,
code-creation,StoreIC,0x2c33b420,115,"get"
code-creation,StoreIC,0x2c33b420,115,"get"
code-creation,StoreIC,0x2c33b4a0,115,"set"
code-creation,StoreIC,0x2c33b4a0,115,"set"
code-creation,LazyCompile,0x2c33b520,1344,"ToPropertyDescriptor native v8natives.js:432",0x4030c35c,
code-creation,LazyCompile,0x2c33ba60,308,"PropertyDescriptor native v8natives.js:494",0x4030c414,
code-creation,LazyCompile,0x2c33bba0,332,"ToString native runtime.js:560",0x4030a470,
code-creation,LazyCompile,0x2c33bd00,116,"$Array.writable_ native v8natives.js:538",0x4030d440,
code-creation,StoreIC,0x2c33bd80,115,"enumerable_"
code-creation,StoreIC,0x2c33bd80,115,"enumerable_"
code-creation,StoreIC,0x2c33be00,115,"hasEnumerable_"
code-creation,StoreIC,0x2c33be00,115,"hasEnumerable_"
code-creation,CallIC,0x2c33be80,91,"ToString"
code-creation,LazyCompile,0x2c33bee0,116,"$Array.get_ native v8natives.js:558",0x4030d668,
code-creation,StoreIC,0x2c33bf60,115,"configurable_"
code-creation,StoreIC,0x2c33bf60,115,"configurable_"
code-creation,StoreIC,0x2c33c020,115,"hasConfigurable_"
code-creation,StoreIC,0x2c33c020,115,"hasConfigurable_"
code-creation,Stub,0x2c33c0a0,113,"CompareICStub"
code-creation,LazyCompile,0x2c33c120,116,"$Array.set_ native v8natives.js:568",0x4030d77c,
code-creation,StoreIC,0x2c33c1a0,115,"get_"
code-creation,StoreIC,0x2c33c1a0,115,"get_"
code-creation,StoreIC,0x2c33c220,115,"hasGetter_"
code-creation,StoreIC,0x2c33c220,115,"hasGetter_"
code-creation,LazyCompile,0x2c33c2a0,116,"d native v8natives.js:578",0x4030d890,
code-creation,StoreIC,0x2c33c320,115,"set_"
code-creation,StoreIC,0x2c33c320,115,"set_"
code-creation,StoreIC,0x2c33c3a0,115,"hasSetter_"
code-creation,StoreIC,0x2c33c3a0,115,"hasSetter_"
code-creation,LazyCompile,0x2c33c420,144,"IsInconsistentDescriptor native v8natives.js:379",0x4030c248,
code-creation,CallInitialize,0x2c33c4c0,146,"args_count: 0"
code-creation,LazyCompile,0x2c33c560,180,"IsAccessorDescriptor native v8natives.js:360",0x4030c134,
code-creation,CallPreMonomorphic,0x2c33c620,146,"args_count: 0"
code-creation,LazyCompile,0x2c33c6c0,92,"$Array.set_ native v8natives.js:575",0x4030d834,
code-creation,LazyCompile,0x2c33c720,180,"IsDataDescriptor native v8natives.js:367",0x4030c190,
code-creation,LazyCompile,0x2c33c7e0,92,"$Array.enumerable_ native v8natives.js:535",0x4030d3e4,
code-creation,LazyCompile,0x2c33c840,92,"$Array.configurable_ native v8natives.js:555",0x4030d60c,
code-creation,Stub,0x2c33c8a0,60,"BinaryOpStub_BIT_OR_Alloc_Uninitialized"
code-creation,LazyCompile,0x2c33c8e0,3992,"DefineOwnProperty native v8natives.js:692",0x4030c6f4,
code-creation,LazyCompile,0x2c33d880,408,"ToObject native runtime.js:577",0x4030a528,
code-creation,LazyCompile,0x2c33da20,424,"ConvertDescriptorArrayToDescriptor native v8natives.js:593",0x4030c470,
code-creation,LazyCompile,0x2c33dbe0,92,"$Array.writable_ native v8natives.js:545",0x4030d4f8,
code-creation,LazyCompile,0x2c33dc40,92,"$Array.writable_ native v8natives.js:542",0x4030d49c,
code-creation,Stub,0x2c33dca0,84,"BinaryOpStub_BIT_OR_Alloc_SMI"
code-creation,LazyCompile,0x2c33dd00,92,"$Array.get_ native v8natives.js:562",0x4030d6c4,
code-creation,LazyCompile,0x2c33dd60,92,"$Array.get_ native v8natives.js:565",0x4030d720,
code-creation,CallMiss,0x2c33ddc0,146,"args_count: 0"
code-creation,CallIC,0x2c33de60,151,"hasValue"
code-creation,LoadIC,0x2c33df00,62,"hasValue_"
code-creation,LoadIC,0x2c33df00,62,"hasValue_"
code-creation,CallIC,0x2c33df40,151,"hasWritable"
code-creation,LoadIC,0x2c33e020,62,"hasWritable_"
code-creation,LoadIC,0x2c33e020,62,"hasWritable_"
code-creation,LazyCompile,0x2c33e060,160,"IsGenericDescriptor native v8natives.js:374",0x4030c1ec,
code-creation,CallIC,0x2c33e100,151,"hasGetter"
code-creation,LoadIC,0x2c33e1a0,62,"hasGetter_"
code-creation,LoadIC,0x2c33e1a0,62,"hasGetter_"
code-creation,CallMiss,0x2c33e1e0,148,"args_count: 1"
code-creation,CallIC,0x2c33e280,92,"IsAccessorDescriptor"
code-creation,LazyCompile,0x2c33e2e0,92,"$Array.set_ native v8natives.js:572",0x4030d7d8,
code-creation,LazyCompile,0x2c33e340,92," native v8natives.js:585",0x4030d948,
code-creation,LazyCompile,0x2c33e3a0,92,"d native v8natives.js:582",0x4030d8ec,
code-creation,LoadIC,0x2c33e400,100,""
code-creation,LoadIC,0x2c33e400,100,""
code-creation,StoreIC,0x2c33e480,118,"type"
code-creation,StoreIC,0x2c33e480,118,"type"
code-creation,StoreIC,0x2c33e500,118,"arguments"
code-creation,StoreIC,0x2c33e500,118,"arguments"
code-creation,Script,0x2c33e580,188,"native apinatives.js",0x40317864,
code-creation,Stub,0x2c33e640,167,"FastCloneShallowArrayStub"
code-creation,Script,0x2c33e700,1068,"native date.js",0x40319bf0,
code-creation,StoreIC,0x2c33eb40,115,"time"
code-creation,StoreIC,0x2c33eb40,115,"time"
code-creation,StoreIC,0x2c33ebc0,115,"year"
code-creation,StoreIC,0x2c33ebc0,115,"year"
code-creation,Stub,0x2c33ec40,76,"CompareICStub"
code-creation,LazyCompile,0x2c33eca0,1432,"WeekDays native date.js:398",0x40319b70,
code-creation,LazyCompile,0x2c33eca0,1432,"WeekDays native date.js:398",0x40319b70,
code-creation,LazyCompile,0x2c33f240,240,"TimeClip native date.js:378",0x4031863c,
code-creation,LazyCompile,0x2c33f340,324,"isFinite native v8natives.js:115",0x4030bb40,
code-creation,Stub,0x2c33f4a0,414,"CompareStub_EQ"
code-creation,Stub,0x2c33f640,108,"CompareICStub"
code-creation,CallInitialize,0x2c33f6c0,157,"args_count: 92"
code-creation,LazyCompile,0x2c33f760,1188,"SetUpDate native date.js:1051",0x40319b14,
code-creation,CallPreMonomorphic,0x2c33fc20,157,"args_count: 92"
code-creation,Script,0x2c33fcc0,312,"native regexp.js",0x4031b004,
code-creation,Function,0x2c33fe00,164,"RegExpGetInput native regexp.js:428",0x4031b318,
code-creation,Function,0x2c33fec0,120,"RegExpSetInput native regexp.js:432",0x4031b398,
code-creation,Function,0x2c33ff40,84,"RegExpGetMultiline native regexp.js:452",0x4031b414,
code-creation,Function,0x2c340020,164,"RegExpSetMultiline native regexp.js:453",0x4031b494,
code-creation,Function,0x2c3400e0,80,"NoOpSetter native regexp.js:461",0x4031b514,
code-creation,CallInitialize,0x2c340140,148,"args_count: 8"
code-creation,LazyCompile,0x2c3401e0,2044,"SetUpRegExp native regexp.js:408",0x4031af84,
code-creation,LazyCompile,0x2c3409e0,236,"RegExpConstructor native regexp.js:86",0x4031aad8,
code-creation,LazyCompile,0x2c3409e0,236,"RegExpConstructor native regexp.js:86",0x4031aad8,
code-creation,CallPreMonomorphic,0x2c340ae0,148,"args_count: 8"
code-creation,Stub,0x2c340b80,1412,"StringAddStub"
code-creation,Stub,0x2c341120,1409,"StringAddStub"
code-creation,Stub,0x2c3416c0,105,"BinaryOpStub_ADD_Alloc_Strings"
code-creation,CallPreMonomorphic,0x2c341740,146,"args_count: 2"
code-creation,LazyCompile,0x2c3417e0,372,"ToPrimitive native runtime.js:516",0x4030a300,
code-creation,Stub,0x2c341960,60,"BinaryOpStub_MUL_Alloc_Uninitialized"
code-creation,Stub,0x2c3419a0,60,"BinaryOpStub_ADD_OverwriteRight_Uninitialized"
code-creation,Function,0x2c3419e0,464," native regexp.js:371",0x4031b6fc,
code-creation,LazyCompile,0x2c341bc0,148,"RegExpMakeCaptureGetter native regexp.js:370",0x4031af28,
code-creation,CallMiss,0x2c341c60,146,"args_count: 2"
code-creation,CallIC,0x2c341d00,91,"ToPrimitive"
code-creation,LoadIC,0x2c341d60,61,"$RegExp"
code-creation,LoadIC,0x2c341d60,61,"$RegExp"
code-creation,CallIC,0x2c341da0,92,"RegExpMakeCaptureGetter"
code-creation,Script,0x2c341e00,176,"native json.js",0x4031bc88,
code-creation,LazyCompile,0x2c341ec0,176,"SetUpJSON native json.js:340",0x4031bc08,
code-delete,0x2c334e00
code-delete,0x2c335220
code-delete,0x2c337980
code-delete,0x2c3379e0
code-delete,0x2c337a40
code-delete,0x2c338660
code-delete,0x2c338740
code-delete,0x2c33a820
code-delete,0x2c33a860
code-delete,0x2c33acc0
code-delete,0x2c33ad00
code-delete,0x2c33ade0
code-delete,0x2c33ae40
code-delete,0x2c33b420
code-delete,0x2c33b4a0
code-delete,0x2c33bd80
code-delete,0x2c33be00
code-delete,0x2c33be80
code-delete,0x2c33bf60
code-delete,0x2c33c020
code-delete,0x2c33c1a0
code-delete,0x2c33c220
code-delete,0x2c33c320
code-delete,0x2c33c3a0
code-delete,0x2c33de60
code-delete,0x2c33df00
code-delete,0x2c33df40
code-delete,0x2c33e020
code-delete,0x2c33e100
code-delete,0x2c33e1a0
code-delete,0x2c33e280
code-delete,0x2c33e400
code-delete,0x2c33e480
code-delete,0x2c33e500
code-delete,0x2c33eb40
code-delete,0x2c33ebc0
code-delete,0x2c341d00
code-delete,0x2c341d60
code-delete,0x2c341da0
sfi-move,0x40308638,0x40308638
sfi-move,0x403086c4,0x403086c4
sfi-move,0x4030879c,0x4030879c
sfi-move,0x4030881c,0x4030881c
sfi-move,0x403088b4,0x403088b4
sfi-move,0x40308944,0x40308944
sfi-move,0x403089c4,0x403089c4
sfi-move,0x40308a44,0x40308a44
sfi-move,0x40308ac4,0x40308ac4
sfi-move,0x40308b44,0x40308b44
sfi-move,0x40308bc4,0x40308bc4
sfi-move,0x40308c44,0x40308c44
sfi-move,0x40308cc4,0x40308cc4
sfi-move,0x40308d50,0x40308d50
sfi-move,0x40308df0,0x40308df0
sfi-move,0x40308e70,0x40308e70
sfi-move,0x40308ef0,0x40308ef0
sfi-move,0x4030911c,0x4030911c
sfi-move,0x403092b4,0x403092b4
sfi-move,0x40309334,0x40309334
sfi-move,0x403093f8,0x403093f8
sfi-move,0x40309484,0x40309484
sfi-move,0x4030975c,0x40309700
sfi-move,0x403097b8,0x4030975c
sfi-move,0x40309814,0x403097b8
sfi-move,0x40309870,0x40309814
sfi-move,0x403098cc,0x40309870
sfi-move,0x40309928,0x403098cc
sfi-move,0x40309984,0x40309928
sfi-move,0x403099e0,0x40309984
sfi-move,0x40309a3c,0x403099e0
sfi-move,0x40309a98,0x40309a3c
sfi-move,0x40309af4,0x40309a98
sfi-move,0x40309b50,0x40309af4
sfi-move,0x40309bac,0x40309b50
sfi-move,0x40309c08,0x40309bac
sfi-move,0x40309c64,0x40309c08
sfi-move,0x40309cc0,0x40309c64
sfi-move,0x40309d1c,0x40309cc0
sfi-move,0x40309d78,0x40309d1c
sfi-move,0x40309dd4,0x40309d78
sfi-move,0x40309e30,0x40309dd4
sfi-move,0x40309e8c,0x40309e30
sfi-move,0x40309ee8,0x40309e8c
sfi-move,0x40309f44,0x40309ee8
sfi-move,0x40309fa0,0x40309f44
sfi-move,0x4030a020,0x40309fa0
sfi-move,0x4030a07c,0x4030a020
sfi-move,0x4030a0d8,0x4030a07c
sfi-move,0x4030a134,0x4030a0d8
sfi-move,0x4030a190,0x4030a134
sfi-move,0x4030a1ec,0x4030a190
sfi-move,0x4030a248,0x4030a1ec
sfi-move,0x4030a2a4,0x4030a248
sfi-move,0x4030a300,0x4030a2a4
sfi-move,0x4030a35c,0x4030a300
sfi-move,0x4030a3b8,0x4030a35c
sfi-move,0x4030a414,0x4030a3b8
sfi-move,0x4030a470,0x4030a414
sfi-move,0x4030a4cc,0x4030a470
sfi-move,0x4030a528,0x4030a4cc
sfi-move,0x4030a584,0x4030a528
sfi-move,0x4030a5e0,0x4030a584
sfi-move,0x4030a63c,0x4030a5e0
sfi-move,0x4030a698,0x4030a63c
sfi-move,0x4030a6f4,0x4030a698
sfi-move,0x4030a750,0x4030a6f4
sfi-move,0x4030a7ac,0x4030a750
sfi-move,0x4030a82c,0x4030a7d0
sfi-move,0x4030b9d0,0x4030b71c
sfi-move,0x4030ba2c,0x4030b778
sfi-move,0x4030ba88,0x4030b7d4
sfi-move,0x4030bae4,0x4030b830
sfi-move,0x4030bb40,0x4030b88c
sfi-move,0x4030bb9c,0x4030b8e8
sfi-move,0x4030bbf8,0x4030b944
sfi-move,0x4030bc54,0x4030b9a0
sfi-move,0x4030bcb0,0x4030b9fc
sfi-move,0x4030bd0c,0x4030ba58
sfi-move,0x4030bd68,0x4030bab4
sfi-move,0x4030bdc4,0x4030bb10
sfi-move,0x4030be20,0x4030bb6c
sfi-move,0x4030be7c,0x4030bbc8
sfi-move,0x4030bed8,0x4030bc24
sfi-move,0x4030bf34,0x4030bc80
sfi-move,0x4030bf90,0x4030bcdc
sfi-move,0x4030c020,0x4030bd38
sfi-move,0x4030c07c,0x4030bd94
sfi-move,0x4030c0d8,0x4030bdf0
sfi-move,0x4030c134,0x4030be4c
sfi-move,0x4030c190,0x4030bea8
sfi-move,0x4030c1ec,0x4030bf04
sfi-move,0x4030c248,0x4030bf60
sfi-move,0x4030c2a4,0x4030c020
sfi-move,0x4030c300,0x4030c07c
sfi-move,0x4030c35c,0x4030c0d8
sfi-move,0x4030c3b8,0x4030c134
sfi-move,0x4030c414,0x4030c190
sfi-move,0x4030c470,0x4030c1ec
sfi-move,0x4030c4cc,0x4030c248
sfi-move,0x4030c528,0x4030c2a4
sfi-move,0x4030c584,0x4030c300
sfi-move,0x4030c5e0,0x4030c35c
sfi-move,0x4030c63c,0x4030c3b8
sfi-move,0x4030c698,0x4030c414
sfi-move,0x4030c6f4,0x4030c470
sfi-move,0x4030c750,0x4030c4cc
sfi-move,0x4030c7ac,0x4030c528
sfi-move,0x4030c808,0x4030c584
sfi-move,0x4030c864,0x4030c5e0
sfi-move,0x4030c8c0,0x4030c63c
sfi-move,0x4030c91c,0x4030c698
sfi-move,0x4030c978,0x4030c6f4
sfi-move,0x4030c9d4,0x4030c750
sfi-move,0x4030ca30,0x4030c7ac
sfi-move,0x4030ca8c,0x4030c808
sfi-move,0x4030cae8,0x4030c864
sfi-move,0x4030cb44,0x4030c8c0
sfi-move,0x4030cba0,0x4030c91c
sfi-move,0x4030cbfc,0x4030c978
sfi-move,0x4030cc58,0x4030c9d4
sfi-move,0x4030ccb4,0x4030ca30
sfi-move,0x4030cd10,0x4030ca8c
sfi-move,0x4030cd6c,0x4030cae8
sfi-move,0x4030cdc8,0x4030cb44
sfi-move,0x4030ce24,0x4030cba0
sfi-move,0x4030ce80,0x4030cbfc
sfi-move,0x4030cedc,0x4030cc58
sfi-move,0x4030cf38,0x4030ccb4
sfi-move,0x4030cf94,0x4030cd10
sfi-move,0x4030cff0,0x4030cd6c
sfi-move,0x4030d04c,0x4030cdc8
sfi-move,0x4030d0a8,0x4030ce24
sfi-move,0x4030d104,0x4030ce80
sfi-move,0x4030d160,0x4030cedc
sfi-move,0x4030d1bc,0x4030cf38
sfi-move,0x4030d218,0x4030cf94
sfi-move,0x4030d274,0x4030cff0
sfi-move,0x4030d2d0,0x4030d04c
sfi-move,0x4030d32c,0x4030d0a8
sfi-move,0x4030d388,0x4030d104
sfi-move,0x4030d3e4,0x4030d160
sfi-move,0x4030d440,0x4030d1bc
sfi-move,0x4030d49c,0x4030d218
sfi-move,0x4030d4f8,0x4030d274
sfi-move,0x4030d554,0x4030d2d0
sfi-move,0x4030d5b0,0x4030d32c
sfi-move,0x4030d60c,0x4030d388
sfi-move,0x4030d668,0x4030d3e4
sfi-move,0x4030d6c4,0x4030d440
sfi-move,0x4030d720,0x4030d49c
sfi-move,0x4030d77c,0x4030d4f8
sfi-move,0x4030d7d8,0x4030d554
sfi-move,0x4030d834,0x4030d5b0
sfi-move,0x4030d890,0x4030d60c
sfi-move,0x4030d8ec,0x4030d668
sfi-move,0x4030d948,0x4030d6c4
sfi-move,0x4030d9a4,0x4030d720
sfi-move,0x4030da00,0x4030d77c
sfi-move,0x4030da80,0x4030d7fc
sfi-move,0x4030eb94,0x4030e7a8
sfi-move,0x4030ebf0,0x4030e804
sfi-move,0x4030ec4c,0x4030e860
sfi-move,0x4030eca8,0x4030e8bc
sfi-move,0x4030ed04,0x4030e918
sfi-move,0x4030ed60,0x4030e974
sfi-move,0x4030edbc,0x4030e9d0
sfi-move,0x4030ee18,0x4030ea2c
sfi-move,0x4030ee74,0x4030ea88
sfi-move,0x4030eed0,0x4030eae4
sfi-move,0x4030ef2c,0x4030eb40
sfi-move,0x4030ef88,0x4030eb9c
sfi-move,0x4030efe4,0x4030ebf8
sfi-move,0x4030f040,0x4030ec54
sfi-move,0x4030f09c,0x4030ecb0
sfi-move,0x4030f0f8,0x4030ed0c
sfi-move,0x4030f154,0x4030ed68
sfi-move,0x4030f1b0,0x4030edc4
sfi-move,0x4030f20c,0x4030ee20
sfi-move,0x4030f268,0x4030ee7c
sfi-move,0x4030f2c4,0x4030eed8
sfi-move,0x4030f320,0x4030ef34
sfi-move,0x4030f37c,0x4030ef90
sfi-move,0x4030f3d8,0x4030efec
sfi-move,0x4030f434,0x4030f048
sfi-move,0x4030f490,0x4030f0a4
sfi-move,0x4030f4ec,0x4030f100
sfi-move,0x4030f548,0x4030f15c
sfi-move,0x4030f5a4,0x4030f1b8
sfi-move,0x4030f600,0x4030f214
sfi-move,0x4030f65c,0x4030f270
sfi-move,0x4030f6b8,0x4030f2cc
sfi-move,0x4030f714,0x4030f328
sfi-move,0x4030f770,0x4030f384
sfi-move,0x4030f7cc,0x4030f3e0
sfi-move,0x4030f84c,0x4030f460
sfi-move,0x4030ff68,0x4030fb58
sfi-move,0x40310020,0x4030fbe0
sfi-move,0x403100a0,0x4030fc60
sfi-move,0x40310120,0x4030fce0
sfi-move,0x403101a0,0x4030fd60
sfi-move,0x40310220,0x4030fde0
sfi-move,0x403102a0,0x4030fe60
sfi-move,0x40310320,0x4030fee0
sfi-move,0x40310718,0x403101c4
sfi-move,0x40310774,0x40310220
sfi-move,0x403107d0,0x4031027c
sfi-move,0x4031082c,0x403102d8
sfi-move,0x40310888,0x40310334
sfi-move,0x403108e4,0x40310390
sfi-move,0x40310940,0x403103ec
sfi-move,0x4031099c,0x40310448
sfi-move,0x403109f8,0x403104a4
sfi-move,0x40310a54,0x40310500
sfi-move,0x40310ab0,0x4031055c
sfi-move,0x40310b0c,0x403105b8
sfi-move,0x40310b68,0x40310614
sfi-move,0x40310bc4,0x40310670
sfi-move,0x40310c20,0x403106cc
sfi-move,0x40310c7c,0x40310728
sfi-move,0x40310cd8,0x40310784
sfi-move,0x40310d34,0x403107e0
sfi-move,0x40310d90,0x4031083c
sfi-move,0x40310dec,0x40310898
sfi-move,0x40310e48,0x403108f4
sfi-move,0x40310ea4,0x40310950
sfi-move,0x40310f00,0x403109ac
sfi-move,0x40310f5c,0x40310a08
sfi-move,0x40310fb8,0x40310a64
sfi-move,0x40311014,0x40310ac0
sfi-move,0x40311070,0x40310b1c
sfi-move,0x403110cc,0x40310b78
sfi-move,0x40311128,0x40310bd4
sfi-move,0x40311184,0x40310c30
sfi-move,0x403111e0,0x40310c8c
sfi-move,0x4031123c,0x40310ce8
sfi-move,0x40311298,0x40310d44
sfi-move,0x403112f4,0x40310da0
sfi-move,0x40311350,0x40310dfc
sfi-move,0x403113ac,0x40310e58
sfi-move,0x40311408,0x40310eb4
sfi-move,0x40311464,0x40310f10
sfi-move,0x403114c0,0x40310f6c
sfi-move,0x4031151c,0x40310fc8
sfi-move,0x40311578,0x40311024
sfi-move,0x403115d4,0x40311080
sfi-move,0x40311630,0x403110dc
sfi-move,0x4031168c,0x40311138
sfi-move,0x403116e8,0x40311194
sfi-move,0x40311744,0x403111f0
sfi-move,0x403117a0,0x4031124c
sfi-move,0x403117fc,0x403112a8
sfi-move,0x40311858,0x40311304
sfi-move,0x403118d8,0x40311384
sfi-move,0x40312330,0x40311ce0
sfi-move,0x4031238c,0x40311d3c
sfi-move,0x403123e8,0x40311d98
sfi-move,0x40312444,0x40311df4
sfi-move,0x403124a0,0x40311e50
sfi-move,0x403124fc,0x40311eac
sfi-move,0x40312558,0x40311f08
sfi-move,0x403125b4,0x40311f64
sfi-move,0x40312610,0x40312020
sfi-move,0x4031266c,0x4031207c
sfi-move,0x403126c8,0x403120d8
sfi-move,0x40312724,0x40312134
sfi-move,0x40312780,0x40312190
sfi-move,0x403127dc,0x403121ec
sfi-move,0x40312838,0x40312248
sfi-move,0x40312894,0x403122a4
sfi-move,0x403128f0,0x40312300
sfi-move,0x4031294c,0x4031235c
sfi-move,0x403129a8,0x403123b8
sfi-move,0x40312a28,0x40312438
sfi-move,0x40312e94,0x40312880
sfi-move,0x40312ef0,0x403128dc
sfi-move,0x40312f4c,0x40312938
sfi-move,0x40312fa8,0x40312994
sfi-move,0x40313004,0x403129f0
sfi-move,0x40313060,0x40312a4c
sfi-move,0x403130bc,0x40312aa8
sfi-move,0x40313118,0x40312b04
sfi-move,0x40313174,0x40312b60
sfi-move,0x403131d0,0x40312bbc
sfi-move,0x4031322c,0x40312c18
sfi-move,0x40313288,0x40312c74
sfi-move,0x403132e4,0x40312cd0
sfi-move,0x40313340,0x40312d2c
sfi-move,0x4031339c,0x40312d88
sfi-move,0x403133f8,0x40312de4
sfi-move,0x40313454,0x40312e40
sfi-move,0x403134b0,0x40312e9c
sfi-move,0x4031350c,0x40312ef8
sfi-move,0x40313568,0x40312f54
sfi-move,0x403135e8,0x40312fd4
sfi-move,0x40314cc8,0x40313568
sfi-move,0x40314d24,0x403135c4
sfi-move,0x40314d80,0x40313620
sfi-move,0x40314ddc,0x4031367c
sfi-move,0x40314e38,0x403136d8
sfi-move,0x40314e94,0x40313734
sfi-move,0x40314ef0,0x40313790
sfi-move,0x40314f4c,0x403137ec
sfi-move,0x40314fa8,0x40313848
sfi-move,0x40315004,0x403138a4
sfi-move,0x40315060,0x40313900
sfi-move,0x403150bc,0x4031395c
sfi-move,0x40315118,0x403139b8
sfi-move,0x40315174,0x40313a14
sfi-move,0x403151d0,0x40313a70
sfi-move,0x4031522c,0x40313acc
sfi-move,0x40315288,0x40313b28
sfi-move,0x403152e4,0x40313b84
sfi-move,0x40315340,0x40313be0
sfi-move,0x4031539c,0x40313c3c
sfi-move,0x403153f8,0x40313c98
sfi-move,0x40315454,0x40313cf4
sfi-move,0x403154b0,0x40313d50
sfi-move,0x4031550c,0x40313dac
sfi-move,0x40315568,0x40313e08
sfi-move,0x403155c4,0x40313e64
sfi-move,0x40315620,0x40313ec0
sfi-move,0x4031567c,0x40313f1c
sfi-move,0x403156d8,0x40313f78
sfi-move,0x40315734,0x40314020
sfi-move,0x40315790,0x4031407c
sfi-move,0x403157ec,0x403140d8
sfi-move,0x40315848,0x40314134
sfi-move,0x403158a4,0x40314190
sfi-move,0x40315900,0x403141ec
sfi-move,0x4031595c,0x40314248
sfi-move,0x403159b8,0x403142a4
sfi-move,0x40315a14,0x40314300
sfi-move,0x40315a70,0x4031435c
sfi-move,0x40315acc,0x403143b8
sfi-move,0x40315b28,0x40314414
sfi-move,0x40315b84,0x40314470
sfi-move,0x40315be0,0x403144cc
sfi-move,0x40315c3c,0x40314528
sfi-move,0x40315c98,0x40314584
sfi-move,0x40315cf4,0x403145e0
sfi-move,0x40315d50,0x4031463c
sfi-move,0x40315dac,0x40314698
sfi-move,0x40315e08,0x403146f4
sfi-move,0x40315e64,0x40314750
sfi-move,0x40315ec0,0x403147ac
sfi-move,0x40315f1c,0x40314808
sfi-move,0x40315f78,0x40314864
sfi-move,0x40316020,0x403148c0
sfi-move,0x403160a0,0x40314940
sfi-move,0x40316af0,0x40315354
sfi-move,0x40316b4c,0x403153b0
sfi-move,0x40316ba8,0x4031540c
sfi-move,0x40316c04,0x40315468
sfi-move,0x40316c60,0x403154c4
sfi-move,0x40316cbc,0x40315520
sfi-move,0x40316d18,0x4031557c
sfi-move,0x40316d74,0x403155d8
sfi-move,0x40316e14,0x40315678
sfi-move,0x40316e94,0x403156f8
sfi-move,0x40316f14,0x40315778
sfi-move,0x40316fc8,0x4031582c
sfi-move,0x40317104,0x4031595c
sfi-move,0x40317184,0x403159dc
sfi-move,0x403176d4,0x40315efc
sfi-move,0x40317730,0x40315f58
sfi-move,0x4031778c,0x40316020
sfi-move,0x403177e8,0x4031607c
sfi-move,0x40317864,0x403160f8
sfi-move,0x40317e24,0x40316670
sfi-move,0x40317e80,0x403166cc
sfi-move,0x40317edc,0x40316728
sfi-move,0x40317f38,0x40316784
sfi-move,0x40317f94,0x403167e0
sfi-move,0x40318020,0x4031683c
sfi-move,0x4031807c,0x40316898
sfi-move,0x403180d8,0x403168f4
sfi-move,0x40318134,0x40316950
sfi-move,0x40318190,0x403169ac
sfi-move,0x403181ec,0x40316a08
sfi-move,0x40318248,0x40316a64
sfi-move,0x403182a4,0x40316ac0
sfi-move,0x40318300,0x40316b1c
sfi-move,0x4031835c,0x40316b78
sfi-move,0x403183b8,0x40316bd4
sfi-move,0x40318414,0x40316c30
sfi-move,0x40318470,0x40316c8c
sfi-move,0x403184cc,0x40316ce8
sfi-move,0x40318528,0x40316d44
sfi-move,0x40318584,0x40316da0
sfi-move,0x403185e0,0x40316dfc
sfi-move,0x4031863c,0x40316e58
sfi-move,0x40318698,0x40316eb4
sfi-move,0x403186f4,0x40316f10
sfi-move,0x40318750,0x40316f6c
sfi-move,0x403187ac,0x40316fc8
sfi-move,0x40318808,0x40317024
sfi-move,0x40318864,0x40317080
sfi-move,0x403188c0,0x403170dc
sfi-move,0x4031891c,0x40317138
sfi-move,0x40318978,0x40317194
sfi-move,0x403189d4,0x403171f0
sfi-move,0x40318a30,0x4031724c
sfi-move,0x40318a8c,0x403172a8
sfi-move,0x40318ae8,0x40317304
sfi-move,0x40318b44,0x40317360
sfi-move,0x40318ba0,0x403173bc
sfi-move,0x40318bfc,0x40317418
sfi-move,0x40318c58,0x40317474
sfi-move,0x40318cb4,0x403174d0
sfi-move,0x40318d10,0x4031752c
sfi-move,0x40318d6c,0x40317588
sfi-move,0x40318dc8,0x403175e4
sfi-move,0x40318e24,0x40317640
sfi-move,0x40318e80,0x4031769c
sfi-move,0x40318edc,0x403176f8
sfi-move,0x40318f38,0x40317754
sfi-move,0x40318f94,0x403177b0
sfi-move,0x40318ff0,0x4031780c
sfi-move,0x4031904c,0x40317868
sfi-move,0x403190a8,0x403178c4
sfi-move,0x40319104,0x40317920
sfi-move,0x40319160,0x4031797c
sfi-move,0x403191bc,0x403179d8
sfi-move,0x40319218,0x40317a34
sfi-move,0x40319274,0x40317a90
sfi-move,0x403192d0,0x40317aec
sfi-move,0x4031932c,0x40317b48
sfi-move,0x40319388,0x40317ba4
sfi-move,0x403193e4,0x40317c00
sfi-move,0x40319440,0x40317c5c
sfi-move,0x4031949c,0x40317cb8
sfi-move,0x403194f8,0x40317d14
sfi-move,0x40319554,0x40317d70
sfi-move,0x403195b0,0x40317dcc
sfi-move,0x4031960c,0x40317e28
sfi-move,0x40319668,0x40317e84
sfi-move,0x403196c4,0x40317ee0
sfi-move,0x40319720,0x40317f3c
sfi-move,0x4031977c,0x40317f98
sfi-move,0x403197d8,0x40318020
sfi-move,0x40319834,0x4031807c
sfi-move,0x40319890,0x403180d8
sfi-move,0x403198ec,0x40318134
sfi-move,0x40319948,0x40318190
sfi-move,0x403199a4,0x403181ec
sfi-move,0x40319a00,0x40318248
sfi-move,0x40319a5c,0x403182a4
sfi-move,0x40319ab8,0x40318300
sfi-move,0x40319b14,0x4031835c
sfi-move,0x40319b70,0x403183b8
sfi-move,0x40319bf0,0x40318438
sfi-move,0x4031aa7c,0x403191a0
sfi-move,0x4031aad8,0x403191fc
sfi-move,0x4031ab34,0x40319258
sfi-move,0x4031ab90,0x403192b4
sfi-move,0x4031abec,0x40319310
sfi-move,0x4031ac48,0x4031936c
sfi-move,0x4031aca4,0x403193c8
sfi-move,0x4031ad00,0x40319424
sfi-move,0x4031ad5c,0x40319480
sfi-move,0x4031adb8,0x403194dc
sfi-move,0x4031ae14,0x40319538
sfi-move,0x4031ae70,0x40319594
sfi-move,0x4031aecc,0x403195f0
sfi-move,0x4031af28,0x4031964c
sfi-move,0x4031af84,0x403196a8
sfi-move,0x4031b004,0x40319728
sfi-move,0x4031b318,0x40319a18
sfi-move,0x4031b398,0x40319a98
sfi-move,0x4031b414,0x40319b14
sfi-move,0x4031b494,0x40319b94
sfi-move,0x4031b514,0x40319c14
sfi-move,0x4031b6fc,0x40319dfc
sfi-move,0x4031b8cc,0x4031a020
sfi-move,0x4031b928,0x4031a07c
sfi-move,0x4031b984,0x4031a0d8
sfi-move,0x4031b9e0,0x4031a134
sfi-move,0x4031ba3c,0x4031a190
sfi-move,0x4031ba98,0x4031a1ec
sfi-move,0x4031baf4,0x4031a248
sfi-move,0x4031bb50,0x4031a2a4
sfi-move,0x4031bbac,0x4031a300
sfi-move,0x4031bc08,0x4031a35c
sfi-move,0x4031bc88,0x4031a3dc
sfi-move,0x4031beb0,0x4031a5e0
sfi-move,0x4031bf30,0x4031a660
code-move,0x2c32c020,0x2c32c020
code-move,0x2c32c0e0,0x2c32c0e0
code-move,0x2c32c1a0,0x2c32c1a0
code-move,0x2c32c3c0,0x2c32c3c0
code-move,0x2c32c400,0x2c32c400
code-move,0x2c32c440,0x2c32c440
code-move,0x2c32c480,0x2c32c480
code-move,0x2c32c4c0,0x2c32c4c0
code-move,0x2c32c500,0x2c32c500
code-move,0x2c32c540,0x2c32c540
code-move,0x2c32c580,0x2c32c580
code-move,0x2c32c5c0,0x2c32c5c0
code-move,0x2c32c600,0x2c32c600
code-move,0x2c32c640,0x2c32c640
code-move,0x2c32c680,0x2c32c680
code-move,0x2c32c6c0,0x2c32c6c0
code-move,0x2c32c700,0x2c32c700
code-move,0x2c32c740,0x2c32c740
code-move,0x2c32c780,0x2c32c780
code-move,0x2c32c7c0,0x2c32c7c0
code-move,0x2c32c860,0x2c32c860
code-move,0x2c32c8c0,0x2c32c8c0
code-move,0x2c32ca80,0x2c32ca80
code-move,0x2c32cc20,0x2c32cc20
code-move,0x2c32cda0,0x2c32cda0
code-move,0x2c32ce20,0x2c32ce20
code-move,0x2c32ce80,0x2c32ce80
code-move,0x2c32cee0,0x2c32cee0
code-move,0x2c32cf40,0x2c32cf40
code-move,0x2c32cfc0,0x2c32cfc0
code-move,0x2c32d040,0x2c32d040
code-move,0x2c32d080,0x2c32d080
code-move,0x2c32d0c0,0x2c32d0c0
code-move,0x2c32d100,0x2c32d100
code-move,0x2c32d140,0x2c32d140
code-move,0x2c32d180,0x2c32d180
code-move,0x2c32d1c0,0x2c32d1c0
code-move,0x2c32d200,0x2c32d200
code-move,0x2c32d240,0x2c32d240
code-move,0x2c32d280,0x2c32d280
code-move,0x2c32d2c0,0x2c32d2c0
code-move,0x2c32d300,0x2c32d300
code-move,0x2c32d5e0,0x2c32d5e0
code-move,0x2c32d700,0x2c32d700
code-move,0x2c32d740,0x2c32d740
code-move,0x2c32d7a0,0x2c32d7a0
code-move,0x2c32d820,0x2c32d820
code-move,0x2c32d8a0,0x2c32d8a0
code-move,0x2c32d980,0x2c32d980
code-move,0x2c32d9c0,0x2c32d9c0
code-move,0x2c32da00,0x2c32da00
code-move,0x2c32dce0,0x2c32dce0
code-move,0x2c32e020,0x2c32e020
code-move,0x2c32e1e0,0x2c32e1e0
code-move,0x2c32e260,0x2c32e260
code-move,0x2c32e320,0x2c32e320
code-move,0x2c32e360,0x2c32e360
code-move,0x2c32e3e0,0x2c32e3e0
code-move,0x2c32e6c0,0x2c32e6c0
code-move,0x2c32e820,0x2c32e820
code-move,0x2c32e900,0x2c32e900
code-move,0x2c32e940,0x2c32e940
code-move,0x2c32e980,0x2c32e980
code-move,0x2c32ea00,0x2c32ea00
code-move,0x2c32eb60,0x2c32eb60
code-move,0x2c32ec40,0x2c32ec40
code-move,0x2c32ec80,0x2c32ec80
code-move,0x2c32ecc0,0x2c32ecc0
code-move,0x2c32edc0,0x2c32edc0
code-move,0x2c32ee00,0x2c32ee00
code-move,0x2c32ef00,0x2c32ef00
code-move,0x2c32f020,0x2c32f020
code-move,0x2c32f180,0x2c32f180
code-move,0x2c32f300,0x2c32f300
code-move,0x2c32f4c0,0x2c32f4c0
code-move,0x2c32f680,0x2c32f680
code-move,0x2c32f7e0,0x2c32f7e0
code-move,0x2c32f820,0x2c32f820
code-move,0x2c32fa20,0x2c32fa20
code-move,0x2c32fa80,0x2c32fa80
code-move,0x2c32fae0,0x2c32fae0
code-move,0x2c32fb20,0x2c32fb20
code-move,0x2c32fb80,0x2c32fb80
code-move,0x2c32fbe0,0x2c32fbe0
code-move,0x2c32fc40,0x2c32fc40
code-move,0x2c32fca0,0x2c32fca0
code-move,0x2c32fd00,0x2c32fd00
code-move,0x2c32fd40,0x2c32fd40
code-move,0x2c32fd80,0x2c32fd80
code-move,0x2c330020,0x2c330020
code-move,0x2c3300c0,0x2c3300c0
code-move,0x2c330160,0x2c330160
code-move,0x2c330780,0x2c330780
code-move,0x2c3308a0,0x2c3308a0
code-move,0x2c330960,0x2c330960
code-move,0x2c3309c0,0x2c3309c0
code-move,0x2c330d20,0x2c330d20
code-move,0x2c331220,0x2c331220
code-move,0x2c331420,0x2c331420
code-move,0x2c331500,0x2c331500
code-move,0x2c3315e0,0x2c3315e0
code-move,0x2c3316c0,0x2c3316c0
code-move,0x2c3317a0,0x2c3317a0
code-move,0x2c331880,0x2c331880
code-move,0x2c3319c0,0x2c3319c0
code-move,0x2c331aa0,0x2c331aa0
code-move,0x2c331b40,0x2c331b40
code-move,0x2c331be0,0x2c331be0
code-move,0x2c331cc0,0x2c331cc0
code-move,0x2c331e00,0x2c331e00
code-move,0x2c331ee0,0x2c331ee0
code-move,0x2c332020,0x2c332020
code-move,0x2c3320e0,0x2c3320e0
code-move,0x2c332120,0x2c332120
code-move,0x2c3322a0,0x2c3322a0
code-move,0x2c332300,0x2c332300
code-move,0x2c3323a0,0x2c3323a0
code-move,0x2c3325e0,0x2c3325e0
code-move,0x2c332660,0x2c332660
code-move,0x2c332700,0x2c332700
code-move,0x2c332860,0x2c332860
code-move,0x2c3329a0,0x2c3329a0
code-move,0x2c332ae0,0x2c332ae0
code-move,0x2c332b20,0x2c332b20
code-move,0x2c332ba0,0x2c332ba0
code-move,0x2c332c80,0x2c332c80
code-move,0x2c332d20,0x2c332d20
code-move,0x2c332dc0,0x2c332dc0
code-move,0x2c332fe0,0x2c332fe0
code-move,0x2c333060,0x2c333060
code-move,0x2c3330e0,0x2c3330e0
code-move,0x2c333160,0x2c333160
code-move,0x2c333220,0x2c333220
code-move,0x2c333400,0x2c333400
code-move,0x2c333600,0x2c333600
code-move,0x2c333660,0x2c333660
code-move,0x2c3336c0,0x2c3336c0
code-move,0x2c333720,0x2c333720
code-move,0x2c3337c0,0x2c3337c0
code-move,0x2c333be0,0x2c333be0
code-move,0x2c333c80,0x2c333c80
code-move,0x2c333d20,0x2c333d20
code-move,0x2c333dc0,0x2c333dc0
code-move,0x2c333e60,0x2c333e60
code-move,0x2c334020,0x2c334020
code-move,0x2c334620,0x2c334620
code-move,0x2c3346c0,0x2c3346c0
code-move,0x2c334760,0x2c334760
code-move,0x2c3348e0,0x2c3348e0
code-move,0x2c334980,0x2c334980
code-move,0x2c334a20,0x2c334a20
code-move,0x2c334a60,0x2c334a60
code-move,0x2c334aa0,0x2c334aa0
code-move,0x2c334c80,0x2c334c80
code-move,0x2c334ce0,0x2c334ce0
code-move,0x2c334d40,0x2c334d40
code-move,0x2c334da0,0x2c334da0
code-move,0x2c334e40,0x2c334e00
code-move,0x2c334ea0,0x2c334e60
code-move,0x2c334f40,0x2c334f00
code-move,0x2c335020,0x2c334fe0
code-move,0x2c3350c0,0x2c335080
code-move,0x2c3352a0,0x2c3351e0
code-move,0x2c335340,0x2c335280
code-move,0x2c3353e0,0x2c335320
code-move,0x2c335420,0x2c335360
code-move,0x2c335480,0x2c3353c0
code-move,0x2c335740,0x2c335680
code-move,0x2c3357a0,0x2c3356e0
code-move,0x2c335800,0x2c335740
code-move,0x2c335940,0x2c335880
code-move,0x2c3359e0,0x2c335920
code-move,0x2c335a80,0x2c3359c0
code-move,0x2c335d00,0x2c335c40
code-move,0x2c335da0,0x2c335ce0
code-move,0x2c335e40,0x2c335d80
code-move,0x2c335ee0,0x2c335e20
code-move,0x2c336020,0x2c335ee0
code-move,0x2c3360c0,0x2c336020
code-move,0x2c3361c0,0x2c336120
code-move,0x2c336220,0x2c336180
code-move,0x2c3363a0,0x2c336300
code-move,0x2c336620,0x2c336580
code-move,0x2c3366e0,0x2c336640
code-move,0x2c3369c0,0x2c336920
code-move,0x2c336a80,0x2c3369e0
code-move,0x2c336b40,0x2c336aa0
code-move,0x2c336c20,0x2c336b80
code-move,0x2c336cc0,0x2c336c20
code-move,0x2c336d80,0x2c336ce0
code-move,0x2c336e40,0x2c336da0
code-move,0x2c336ee0,0x2c336e40
code-move,0x2c336f80,0x2c336ee0
code-move,0x2c3375c0,0x2c337520
code-move,0x2c337660,0x2c3375c0
code-move,0x2c337700,0x2c337660
code-move,0x2c337880,0x2c3377e0
code-move,0x2c3378e0,0x2c337840
code-move,0x2c337aa0,0x2c3378e0
code-move,0x2c337b40,0x2c337980
code-move,0x2c337c00,0x2c337a40
code-move,0x2c337ca0,0x2c337ae0
code-move,0x2c337d40,0x2c337b80
code-move,0x2c338020,0x2c337de0
code-move,0x2c338160,0x2c337f20
code-move,0x2c338200,0x2c338020
code-move,0x2c3385c0,0x2c3383e0
code-move,0x2c3386a0,0x2c338480
code-move,0x2c3387a0,0x2c338520
code-move,0x2c338860,0x2c3385e0
code-move,0x2c338960,0x2c3386e0
code-move,0x2c338b00,0x2c338880
code-move,0x2c338b60,0x2c3388e0
code-move,0x2c338c00,0x2c338980
code-move,0x2c338f80,0x2c338d00
code-move,0x2c339020,0x2c338da0
code-move,0x2c3390c0,0x2c338e40
code-move,0x2c339160,0x2c338ee0
code-move,0x2c339200,0x2c338f80
code-move,0x2c339820,0x2c3395a0
code-move,0x2c3398a0,0x2c339620
code-move,0x2c339940,0x2c3396c0
code-move,0x2c3399e0,0x2c339760
code-move,0x2c339a80,0x2c339800
code-move,0x2c339b40,0x2c3398c0
code-move,0x2c339c80,0x2c339a00
code-move,0x2c339ce0,0x2c339a60
code-move,0x2c339d80,0x2c339b00
code-move,0x2c33a020,0x2c339ca0
code-move,0x2c33a280,0x2c33a020
code-move,0x2c33a740,0x2c33a4e0
code-move,0x2c33a7a0,0x2c33a540
code-move,0x2c33a8a0,0x2c33a5c0
code-move,0x2c33aa60,0x2c33a780
code-move,0x2c33aae0,0x2c33a800
code-move,0x2c33ac60,0x2c33a980
code-move,0x2c33ad40,0x2c33a9e0
code-move,0x2c33aec0,0x2c33aa80
code-move,0x2c33af40,0x2c33ab00
code-move,0x2c33b020,0x2c33abe0
code-move,0x2c33b0c0,0x2c33ac80
code-move,0x2c33b1c0,0x2c33ad80
code-move,0x2c33b280,0x2c33ae40
code-move,0x2c33b520,0x2c33afe0
code-move,0x2c33ba60,0x2c33b520
code-move,0x2c33bba0,0x2c33b660
code-move,0x2c33bd00,0x2c33b7c0
code-move,0x2c33bee0,0x2c33b840
code-move,0x2c33c0a0,0x2c33b8c0
code-move,0x2c33c120,0x2c33b940
code-move,0x2c33c2a0,0x2c33b9c0
code-move,0x2c33c420,0x2c33ba40
code-move,0x2c33c4c0,0x2c33bae0
code-move,0x2c33c560,0x2c33bb80
code-move,0x2c33c620,0x2c33bc40
code-move,0x2c33c6c0,0x2c33bce0
code-move,0x2c33c720,0x2c33bd40
code-move,0x2c33c7e0,0x2c33be00
code-move,0x2c33c840,0x2c33be60
code-move,0x2c33c8a0,0x2c33bec0
code-move,0x2c33c8e0,0x2c33c020
code-move,0x2c33d880,0x2c33cfc0
code-move,0x2c33da20,0x2c33d160
code-move,0x2c33dbe0,0x2c33d320
code-move,0x2c33dc40,0x2c33d380
code-move,0x2c33dca0,0x2c33d3e0
code-move,0x2c33dd00,0x2c33d440
code-move,0x2c33dd60,0x2c33d4a0
code-move,0x2c33ddc0,0x2c33d500
code-move,0x2c33e060,0x2c33d5a0
code-move,0x2c33e1e0,0x2c33d640
code-move,0x2c33e2e0,0x2c33d6e0
code-move,0x2c33e340,0x2c33d740
code-move,0x2c33e3a0,0x2c33d7a0
code-move,0x2c33e580,0x2c33d800
code-move,0x2c33e640,0x2c33d8c0
code-move,0x2c33e700,0x2c33d980
code-move,0x2c33ec40,0x2c33ddc0
code-move,0x2c33eca0,0x2c33e020
code-move,0x2c33f240,0x2c33e5c0
code-move,0x2c33f340,0x2c33e6c0
code-move,0x2c33f4a0,0x2c33e820
code-move,0x2c33f640,0x2c33e9c0
code-move,0x2c33f6c0,0x2c33ea40
code-move,0x2c33f760,0x2c33eae0
code-move,0x2c33fc20,0x2c33efa0
code-move,0x2c33fcc0,0x2c33f040
code-move,0x2c33fe00,0x2c33f180
code-move,0x2c33fec0,0x2c33f240
code-move,0x2c33ff40,0x2c33f2c0
code-move,0x2c340020,0x2c33f320
code-move,0x2c3400e0,0x2c33f3e0
code-move,0x2c340140,0x2c33f440
code-move,0x2c3401e0,0x2c33f4e0
code-move,0x2c3409e0,0x2c33fce0
code-move,0x2c340ae0,0x2c33fde0
code-move,0x2c340b80,0x2c340020
code-move,0x2c341120,0x2c3405c0
code-move,0x2c3416c0,0x2c340b60
code-move,0x2c341740,0x2c340be0
code-move,0x2c3417e0,0x2c340c80
code-move,0x2c341960,0x2c340e00
code-move,0x2c3419a0,0x2c340e40
code-move,0x2c3419e0,0x2c340e80
code-move,0x2c341bc0,0x2c341060
code-move,0x2c341c60,0x2c341100
code-move,0x2c341e00,0x2c3411a0
code-move,0x2c341ec0,0x2c341260
snapshot-code-name,69060,"Stub:BinaryOpStub_ADD_Alloc_Strings"
snapshot-pos,0x2c340b60,69060
snapshot-code-name,69130,"Stub:StringAddStub"
snapshot-pos,0x2c340020,69130
snapshot-code-name,70603,"Stub:CEntryStub"
snapshot-pos,0x2c32c1a0,70603
snapshot-code-name,71315,"Stub:StringAddStub"
snapshot-pos,0x2c3405c0,71315
snapshot-code-name,72901,"Stub:BinaryOpStub_SUB_Alloc_Uninitialized"
snapshot-pos,0x2c332ae0,72901
snapshot-code-name,73006,"Stub:CompareICStub"
snapshot-pos,0x2c330960,73006
snapshot-code-name,73180,"Stub:BinaryOpStub_SAR_Alloc_Uninitialized"
snapshot-pos,0x2c334a20,73180
snapshot-code-name,73303,"Stub:FastCloneShallowArrayStub"
snapshot-pos,0x2c333720,73303
snapshot-code-name,73490,"Stub:CompareICStub"
snapshot-pos,0x2c334d40,73490
snapshot-code-name,73627,"Stub:FastNewClosureStub"
snapshot-pos,0x2c336b80,73627
snapshot-code-name,73868,"Stub:NumberToStringStub"
snapshot-pos,0x2c333160,73868
snapshot-code-name,74178,"Stub:CompareICStub"
snapshot-pos,0x2c334c80,74178
snapshot-code-name,74296,"Stub:FastCloneShallowArrayStub"
snapshot-pos,0x2c33d8c0,74296
snapshot-code-name,74547,"Stub:CompareStub_EQ"
snapshot-pos,0x2c33e820,74547
snapshot-code-name,74997,"Stub:CompareICStub"
snapshot-pos,0x2c333660,74997
snapshot-code-name,75116,"Stub:FastCloneShallowArrayStub"
snapshot-pos,0x2c337ae0,75116
snapshot-code-name,75376,"Stub:FastNewContextStub"
snapshot-pos,0x2c332c80,75376
snapshot-code-name,75641,"Stub:CompareICStub"
snapshot-pos,0x2c3322a0,75641
snapshot-code-name,75760,"Stub:CompareICStub"
snapshot-pos,0x2c33ddc0,75760
snapshot-code-name,75889,"Stub:BinaryOpStub_ADD_Alloc_Uninitialized"
snapshot-pos,0x2c334a60,75889
snapshot-code-name,76013,"Stub:StringDictionaryNegativeLookupStub"
snapshot-pos,0x2c32da00,76013
snapshot-code-name,76826,"Stub:CallFunctionStub_Args2"
snapshot-pos,0x2c336c20,76826
snapshot-code-name,76931,"Builtin:ArgumentsAdaptorTrampoline"
snapshot-pos,0x2c32c7c0,76931
snapshot-code-name,77256,"Stub:BinaryOpStub_ADD_Alloc_BothStrings"
snapshot-pos,0x2c33a4e0,77256
snapshot-code-name,77333,"Stub:StringAddStub"
snapshot-pos,0x2c33a020,77333
snapshot-code-name,78705,"Stub:ArgumentsAccessStub_ReadElement"
snapshot-pos,0x2c332b20,78705
snapshot-code-name,78869,"Stub:StringAddStub"
snapshot-pos,0x2c330d20,78869
snapshot-code-name,80236,"Stub:StringDictionaryNegativeLookupStub"
snapshot-pos,0x2c32e3e0,80236
snapshot-code-name,81124,"Stub:BinaryOpStub_ADD_OverwriteLeft_Uninitialized"
snapshot-pos,0x2c335320,81124
snapshot-code-name,81210,"Stub:BinaryOpStub_MUL_Alloc_Uninitialized"
snapshot-pos,0x2c340e00,81210
snapshot-code-name,81324,"Stub:CompareICStub"
snapshot-pos,0x2c33a540,81324
snapshot-code-name,81530,"Stub:CompareICStub"
snapshot-pos,0x2c3336c0,81530
snapshot-code-name,81704,"Stub:JSConstructEntryStub"
snapshot-pos,0x2c32c0e0,81704
snapshot-code-name,81951,"Stub:ToBooleanStub_None"
snapshot-pos,0x2c3320e0,81951
snapshot-code-name,82047,"Stub:BinaryOpStub_SAR_Alloc_SMI"
snapshot-pos,0x2c334ce0,82047
snapshot-code-name,82229,"Stub:ToBooleanStub_Undefined"
snapshot-pos,0x2c33a980,82229
snapshot-code-name,82368,"Stub:FastCloneShallowArrayStub"
snapshot-pos,0x2c332300,82368
snapshot-code-name,82577,"Stub:CompareStub_EQ_STRICT"
snapshot-pos,0x2c33a5c0,82577
snapshot-code-name,83073,"Stub:StringDictionaryNegativeLookupStub"
snapshot-pos,0x2c32d300,83073
snapshot-code-name,84021,"Stub:KeyedLoadElementStub"
snapshot-pos,0x2c334da0,84021
snapshot-code-name,84106,"Builtin:KeyedLoadIC_MissForceGeneric"
snapshot-pos,0x2c32d100,84106
snapshot-code-name,84214,"Stub:CallFunctionStub_Args0"
snapshot-pos,0x2c336580,84214
snapshot-code-name,84449,"Stub:CallFunctionStub_Args3"
snapshot-pos,0x2c336ce0,84449
snapshot-code-name,84665,"Stub:ArgumentsAccessStub_NewNonStrictFast"
snapshot-pos,0x2c332700,84665
snapshot-code-name,85060,"Stub:CallFunctionStub_Args1"
snapshot-pos,0x2c339800,85060
snapshot-code-name,85313,"Stub:FastCloneShallowArrayStub"
snapshot-pos,0x2c332020,85313
snapshot-code-name,85726,"Stub:FastNewContextStub"
snapshot-pos,0x2c33abe0,85726
snapshot-code-name,85917,"Stub:CompareICStub"
snapshot-pos,0x2c333600,85917
snapshot-code-name,86036,"Stub:ToBooleanStub_Bool"
snapshot-pos,0x2c3377e0,86036
snapshot-code-name,86224,"Stub:CompareICStub"
snapshot-pos,0x2c336120,86224
snapshot-code-name,86398,"Stub:ToNumberStub"
snapshot-pos,0x2c335360,86398
snapshot-code-name,86516,"Stub:BinaryOpStub_ADD_Alloc_SMI"
snapshot-pos,0x2c334e00,86516
snapshot-code-name,86725,"Stub:ToBooleanStub_SpecObject"
snapshot-pos,0x2c335680,86725
snapshot-code-name,86843,"Stub:BinaryOpStub_BIT_OR_Alloc_Uninitialized"
snapshot-pos,0x2c33bec0,86843
snapshot-code-name,86939,"Stub:BinaryOpStub_ADD_OverwriteRight_Uninitialized"
snapshot-pos,0x2c340e40,86939
snapshot-code-name,87035,"Stub:StackCheckStub"
snapshot-pos,0x2c32f7e0,87035
snapshot-code-name,87149,"Stub:BinaryOpStub_ADD_OverwriteLeft_SMI"
snapshot-pos,0x2c3356e0,87149
snapshot-code-name,87277,"Stub:CompareICStub"
snapshot-pos,0x2c33b8c0,87277
snapshot-code-name,87428,"Stub:BinaryOpStub_BIT_OR_Alloc_SMI"
snapshot-pos,0x2c33d3e0,87428
snapshot-code-name,87546,"Stub:CompareICStub"
snapshot-pos,0x2c33e9c0,87546
snapshot-code-name,87730,"Stub:StringCompareStub"
snapshot-pos,0x2c3308a0,87730
snapshot-code-name,87978,"Stub:JSEntryStub"
snapshot-pos,0x2c32c020,87978
snapshot-code-name,88338,"CallInitialize:36"
snapshot-pos,0x2c3388e0,88338
snapshot-code-name,88544,"CallInitialize:2"
snapshot-pos,0x2c332d20,88544
snapshot-code-name,88731,"CallPreMonomorphic:12"
snapshot-pos,0x2c3351e0,88731
snapshot-code-name,88928,"CallPreMonomorphic:30"
snapshot-pos,0x2c339760,88928
snapshot-code-name,89224,"CallInitialize:12"
snapshot-pos,0x2c333d20,89224
snapshot-code-name,89439,"CallPreMonomorphic:6"
snapshot-pos,0x2c337a40,89439
snapshot-code-name,89656,"CallInitialize:10"
snapshot-pos,0x2c3346c0,89656
snapshot-code-name,89843,"CallPreMonomorphic:92"
snapshot-pos,0x2c33efa0,89843
snapshot-code-name,90058,"CallPreMonomorphic:5"
snapshot-pos,0x2c339620,90058
snapshot-code-name,90245,"CallMiss:0"
snapshot-pos,0x2c33d500,90245
snapshot-code-name,90432,"CallInitialize:1"
snapshot-pos,0x2c330020,90432
snapshot-code-name,90619,"CallInitialize:92"
snapshot-pos,0x2c33ea40,90619
snapshot-code-name,90816,"CallPreMonomorphic:70"
snapshot-pos,0x2c3383e0,90816
snapshot-code-name,91003,"CallPreMonomorphic:10"
snapshot-pos,0x2c3348e0,91003
snapshot-code-name,91190,"CallPreMonomorphic:4"
snapshot-pos,0x2c335ee0,91190
snapshot-code-name,91387,"CallInitialize:6"
snapshot-pos,0x2c336e40,91387
snapshot-code-name,91574,"CallPreMonomorphic:38"
snapshot-pos,0x2c335280,91574
snapshot-code-name,91816,"CallMiss:3"
snapshot-pos,0x2c338480,91816
snapshot-code-name,92049,"CallPreMonomorphic:3"
snapshot-pos,0x2c334980,92049
snapshot-code-name,92273,"CallInitialize:38"
snapshot-pos,0x2c333dc0,92273
snapshot-code-name,92470,"CallMiss:2"
snapshot-pos,0x2c341100,92470
snapshot-code-name,92657,"CallPreMonomorphic:36"
snapshot-pos,0x2c338d00,92657
snapshot-code-name,92844,"CallInitialize:20"
snapshot-pos,0x2c335880,92844
snapshot-code-name,93050,"CallPreMonomorphic:26"
snapshot-pos,0x2c335ce0,93050
snapshot-code-name,93237,"CallInitialize:14"
snapshot-pos,0x2c338e40,93237
snapshot-code-name,93424,"CallMiss:1"
snapshot-pos,0x2c33d640,93424
snapshot-code-name,93611,"CallPreMonomorphic:8"
snapshot-pos,0x2c33fde0,93611
snapshot-code-name,93808,"CallInitialize:70"
snapshot-pos,0x2c337f20,93808
snapshot-code-name,94041,"CallInitialize:0"
snapshot-pos,0x2c33bae0,94041
snapshot-code-name,94228,"CallPreMonomorphic:1"
snapshot-pos,0x2c334fe0,94228
snapshot-code-name,94415,"CallInitialize:26"
snapshot-pos,0x2c335920,94415
snapshot-code-name,94612,"CallPreMonomorphic:14"
snapshot-pos,0x2c3396c0,94612
snapshot-code-name,94799,"CallPreMonomorphic:0"
snapshot-pos,0x2c33bc40,94799
snapshot-code-name,94986,"CallInitialize:30"
snapshot-pos,0x2c338ee0,94986
snapshot-code-name,95210,"CallPreMonomorphic:2"
snapshot-pos,0x2c337520,95210
snapshot-code-name,95397,"CallPreMonomorphic:42"
snapshot-pos,0x2c3378e0,95397
snapshot-code-name,95639,"CallInitialize:8"
snapshot-pos,0x2c33f440,95639
snapshot-code-name,95826,"CallMiss:1"
snapshot-pos,0x2c337840,95826
snapshot-code-name,96013,"CallInitialize:2"
snapshot-pos,0x2c3300c0,96013
snapshot-code-name,96219,"CallPreMonomorphic:2"
snapshot-pos,0x2c340be0,96219
snapshot-code-name,96406,"CallInitialize:3"
snapshot-pos,0x2c333e60,96406
snapshot-code-name,96657,"CallInitialize:1"
snapshot-pos,0x2c334e60,96657
snapshot-code-name,96844,"CallPreMonomorphic:1"
snapshot-pos,0x2c3375c0,96844
snapshot-code-name,97031,"CallInitialize:5"
snapshot-pos,0x2c338da0,97031
snapshot-code-name,97218,"CallPreMonomorphic:20"
snapshot-pos,0x2c335c40,97218
snapshot-code-name,97405,"CallInitialize:42"
snapshot-pos,0x2c336da0,97405
snapshot-code-name,97602,"CallInitialize:0"
snapshot-pos,0x2c333c80,97602
snapshot-code-name,97808,"CallInitialize:4"
snapshot-pos,0x2c335d80,97808
snapshot-code-name,98023,"CallMiss:2"
snapshot-pos,0x2c33a9e0,98023
snapshot-code-name,98210,"CallPreMonomorphic:0"
snapshot-pos,0x2c334620,98210
snapshot-code-name,120654,"Builtin:Return_DebugBreak"
snapshot-pos,0x2c32fa20,120654
snapshot-code-name,120766,"Builtin:Slot_DebugBreak"
snapshot-pos,0x2c32fca0,120766
snapshot-code-name,120926,"Script:native json.js"
snapshot-pos,0x2c3411a0,120926
snapshot-code-name,121095,"Builtin:LazyCompile"
snapshot-pos,0x2c32ce80,121095
snapshot-code-name,121207,"Builtin:JSConstructStubGeneric"
snapshot-pos,0x2c32ca80,121207
snapshot-code-name,124141,"LazyCompile:SetUpJSON native json.js:340"
snapshot-pos,0x2c341260,124141
snapshot-code-name,124295,"Builtin:LoadIC_Initialize"
snapshot-pos,0x2c32d280,124295
snapshot-code-name,124945,"Script:native v8natives.js"
snapshot-pos,0x2c334020,124945
snapshot-code-name,125548,"LazyCompile:InstallFunctions native v8natives.js:48"
snapshot-pos,0x2c334aa0,125548
snapshot-code-name,125859,"Builtin:KeyedLoadIC_Initialize"
snapshot-pos,0x2c32d980,125859
snapshot-code-name,132867,"LazyCompile:InstallFunctionsOnHiddenPrototype native v8natives.js:67"
snapshot-pos,0x2c337980,132867
snapshot-code-name,133039,"Builtin:JSConstructCall"
snapshot-pos,0x2c32c860,133039
snapshot-code-name,133391,"LazyCompile:SetUpLockedPrototype native v8natives.js:79"
snapshot-pos,0x2c3353c0,133391
snapshot-code-name,134250,"Builtin:StoreIC_Initialize"
snapshot-pos,0x2c32e320,134250
snapshot-code-name,134720,"LazyCompile:isFinite native v8natives.js:115"
snapshot-pos,0x2c33e6c0,134720
snapshot-code-name,135679,"LazyCompile:SetUpGlobal native v8natives.js:193"
snapshot-pos,0x2c334760,135679
snapshot-code-name,136762,"LazyCompile:hasOwnProperty native v8natives.js:264"
snapshot-pos,0x2c337660,136762
snapshot-code-name,138493,"LazyCompile:IsAccessorDescriptor native v8natives.js:360"
snapshot-pos,0x2c33bb80,138493
snapshot-code-name,138931,"LazyCompile:IsDataDescriptor native v8natives.js:367"
snapshot-pos,0x2c33bd40,138931
snapshot-code-name,139369,"LazyCompile:IsGenericDescriptor native v8natives.js:374"
snapshot-pos,0x2c33d5a0,139369
snapshot-code-name,139718,"LazyCompile:IsInconsistentDescriptor native v8natives.js:379"
snapshot-pos,0x2c33ba40,139718
snapshot-code-name,140301,"LazyCompile:ToPropertyDescriptor native v8natives.js:432"
snapshot-pos,0x2c33afe0,140301
snapshot-code-name,142681,"LazyCompile:PropertyDescriptor native v8natives.js:494"
snapshot-pos,0x2c33b520,142681
snapshot-code-name,143533,"LazyCompile:ConvertDescriptorArrayToDescriptor native v8natives.js:593"
snapshot-pos,0x2c33d160,143533
snapshot-code-name,144924,"LazyCompile:DefineOwnProperty native v8natives.js:692"
snapshot-pos,0x2c33c020,144924
snapshot-code-name,152565,"LazyCompile:SetUpObject native v8natives.js:1186"
snapshot-pos,0x2c3359c0,152565
snapshot-code-name,153862,"LazyCompile:SetUpBoolean native v8natives.js:1249"
snapshot-pos,0x2c335e20,153862
snapshot-code-name,154906,"LazyCompile:SetUpNumber native v8natives.js:1372"
snapshot-pos,0x2c336300,154906
snapshot-code-name,156476,"LazyCompile:NewFunction native v8natives.js:1527"
snapshot-pos,0x2c336640,156476
snapshot-code-name,156941,"Builtin:KeyedStoreIC_Initialize"
snapshot-pos,0x2c32ec80,156941
snapshot-code-name,157859,"LazyCompile:SetUpFunction native v8natives.js:1553"
snapshot-pos,0x2c336920,157859
snapshot-code-name,158393,"LazyCompile:$Object.constructor native v8natives.js:220"
snapshot-pos,0x2c334f00,158393
snapshot-code-name,159555,"LazyCompile:$Array.enumerable_ native v8natives.js:535"
snapshot-pos,0x2c33be00,159555
snapshot-code-name,159816,"LazyCompile:$Array.writable_ native v8natives.js:538"
snapshot-pos,0x2c33b7c0,159816
snapshot-code-name,160189,"LazyCompile:$Array.writable_ native v8natives.js:542"
snapshot-pos,0x2c33d380,160189
snapshot-code-name,160450,"LazyCompile:$Array.writable_ native v8natives.js:545"
snapshot-pos,0x2c33d320,160450
snapshot-code-name,160988,"LazyCompile:$Array.configurable_ native v8natives.js:555"
snapshot-pos,0x2c33be60,160988
snapshot-code-name,161249,"LazyCompile:$Array.get_ native v8natives.js:558"
snapshot-pos,0x2c33b840,161249
snapshot-code-name,161605,"LazyCompile:$Array.get_ native v8natives.js:562"
snapshot-pos,0x2c33d440,161605
snapshot-code-name,161866,"LazyCompile:$Array.get_ native v8natives.js:565"
snapshot-pos,0x2c33d4a0,161866
snapshot-code-name,162127,"LazyCompile:$Array.set_ native v8natives.js:568"
snapshot-pos,0x2c33b940,162127
snapshot-code-name,162483,"LazyCompile:$Array.set_ native v8natives.js:572"
snapshot-pos,0x2c33d6e0,162483
snapshot-code-name,162744,"LazyCompile:$Array.set_ native v8natives.js:575"
snapshot-pos,0x2c33bce0,162744
snapshot-code-name,163005,"LazyCompile:d native v8natives.js:578"
snapshot-pos,0x2c33b9c0,163005
snapshot-code-name,163338,"LazyCompile:d native v8natives.js:582"
snapshot-pos,0x2c33d7a0,163338
snapshot-code-name,163600,"LazyCompile: native v8natives.js:585"
snapshot-pos,0x2c33d740,163600
snapshot-code-name,163898,"LazyCompile:a native v8natives.js:1171"
snapshot-pos,0x2c335740,163898
snapshot-code-name,164517,"LazyCompile:b native v8natives.js:1264"
snapshot-pos,0x2c336020,164517
snapshot-code-name,165333,"Script:native regexp.js"
snapshot-pos,0x2c33f040,165333
snapshot-code-name,167721,"LazyCompile:RegExpConstructor native regexp.js:86"
snapshot-pos,0x2c33fce0,167721
snapshot-code-name,169466,"LazyCompile:RegExpMakeCaptureGetter native regexp.js:370"
snapshot-pos,0x2c341060,169466
snapshot-code-name,169632,"Function: native regexp.js:371"
snapshot-pos,0x2c340e80,169632
snapshot-code-name,170651,"LazyCompile:SetUpRegExp native regexp.js:408"
snapshot-pos,0x2c33f4e0,170651
snapshot-code-name,171404,"Function:RegExpGetInput native regexp.js:428"
snapshot-pos,0x2c33f180,171404
snapshot-code-name,171790,"Function:RegExpSetInput native regexp.js:432"
snapshot-pos,0x2c33f240,171790
snapshot-code-name,172109,"Function:RegExpGetMultiline native regexp.js:452"
snapshot-pos,0x2c33f2c0,172109
snapshot-code-name,172379,"Function:RegExpSetMultiline native regexp.js:453"
snapshot-pos,0x2c33f320,172379
snapshot-code-name,172751,"Function:NoOpSetter native regexp.js:461"
snapshot-pos,0x2c33f3e0,172751
snapshot-code-name,175668,"Script:native runtime.js"
snapshot-pos,0x2c32fd80,175668
snapshot-code-name,176005,"LazyCompile:EQUALS native runtime.js:54"
snapshot-pos,0x2c330160,176005
snapshot-code-name,180822,"LazyCompile:STRICT_EQUALS native runtime.js:100"
snapshot-pos,0x2c330780,180822
snapshot-code-name,181313,"LazyCompile:COMPARE native runtime.js:120"
snapshot-pos,0x2c3309c0,181313
snapshot-code-name,182485,"LazyCompile:ADD native runtime.js:163"
snapshot-pos,0x2c331220,182485
snapshot-code-name,183275,"LazyCompile:STRING_ADD_LEFT native runtime.js:183"
snapshot-pos,0x2c333220,183275
snapshot-code-name,183980,"LazyCompile:STRING_ADD_RIGHT native runtime.js:198"
snapshot-pos,0x2c333400,183980
snapshot-code-name,184710,"LazyCompile:SUB native runtime.js:214"
snapshot-pos,0x2c331420,184710
snapshot-code-name,185122,"LazyCompile:MUL native runtime.js:222"
snapshot-pos,0x2c331500,185122
snapshot-code-name,185534,"LazyCompile:DIV native runtime.js:230"
snapshot-pos,0x2c3315e0,185534
snapshot-code-name,185946,"LazyCompile:MOD native runtime.js:238"
snapshot-pos,0x2c3316c0,185946
snapshot-code-name,186362,"LazyCompile:BIT_OR native runtime.js:252"
snapshot-pos,0x2c3317a0,186362
snapshot-code-name,186778,"LazyCompile:BIT_AND native runtime.js:260"
snapshot-pos,0x2c331880,186778
snapshot-code-name,187321,"LazyCompile:BIT_XOR native runtime.js:282"
snapshot-pos,0x2c3319c0,187321
snapshot-code-name,187741,"LazyCompile:UNARY_MINUS native runtime.js:290"
snapshot-pos,0x2c331aa0,187741
snapshot-code-name,188076,"LazyCompile:BIT_NOT native runtime.js:297"
snapshot-pos,0x2c331b40,188076
snapshot-code-name,188407,"LazyCompile:SHL native runtime.js:304"
snapshot-pos,0x2c331be0,188407
snapshot-code-name,188819,"LazyCompile:SAR native runtime.js:312"
snapshot-pos,0x2c331cc0,188819
snapshot-code-name,189358,"LazyCompile:SHR native runtime.js:334"
snapshot-pos,0x2c331e00,189358
snapshot-code-name,189774,"LazyCompile:DELETE native runtime.js:348"
snapshot-pos,0x2c331ee0,189774
snapshot-code-name,190112,"LazyCompile:IN native runtime.js:354"
snapshot-pos,0x2c332120,190112
snapshot-code-name,190769,"LazyCompile:INSTANCE_OF native runtime.js:367"
snapshot-pos,0x2c3323a0,190769
snapshot-code-name,191703,"LazyCompile:GET_KEYS native runtime.js:391"
snapshot-pos,0x2c3325e0,191703
snapshot-code-name,191999,"LazyCompile:FILTER_KEY native runtime.js:399"
snapshot-pos,0x2c332660,191999
snapshot-code-name,192352,"LazyCompile:CALL_NON_FUNCTION native runtime.js:406"
snapshot-pos,0x2c332860,192352
snapshot-code-name,192953,"LazyCompile:CALL_NON_FUNCTION_AS_CONSTRUCTOR native runtime.js:415"
snapshot-pos,0x2c3329a0,192953
snapshot-code-name,193509,"LazyCompile:CALL_FUNCTION_PROXY native runtime.js:424"
snapshot-pos,0x2c332ba0,193509
snapshot-code-name,193960,"LazyCompile:CALL_FUNCTION_PROXY_AS_CONSTRUCTOR native runtime.js:432"
snapshot-pos,0x2c332dc0,193960
snapshot-code-name,194853,"LazyCompile:APPLY_PREPARE native runtime.js:449"
snapshot-pos,0x2c3337c0,194853
snapshot-code-name,196373,"LazyCompile:APPLY_OVERFLOW native runtime.js:486"
snapshot-pos,0x2c333be0,196373
snapshot-code-name,196709,"LazyCompile:TO_OBJECT native runtime.js:492"
snapshot-pos,0x2c332fe0,196709
snapshot-code-name,197001,"LazyCompile:TO_NUMBER native runtime.js:498"
snapshot-pos,0x2c333060,197001
snapshot-code-name,197293,"LazyCompile:TO_STRING native runtime.js:504"
snapshot-pos,0x2c3330e0,197293
snapshot-code-name,197563,"LazyCompile:ToPrimitive native runtime.js:516"
snapshot-pos,0x2c340c80,197563
snapshot-code-name,198205,"LazyCompile:ToBoolean native runtime.js:527"
snapshot-pos,0x2c335080,198205
snapshot-code-name,198749,"LazyCompile:ToNumber native runtime.js:537"
snapshot-pos,0x2c336180,198749
snapshot-code-name,199426,"LazyCompile:ToString native runtime.js:560"
snapshot-pos,0x2c33b660,199426
snapshot-code-name,200055,"LazyCompile:ToObject native runtime.js:577"
snapshot-pos,0x2c33cfc0,200055
snapshot-code-name,201932,"Script:native apinatives.js"
snapshot-pos,0x2c33d800,201932
snapshot-code-name,202930,"Script:native string.js"
snapshot-pos,0x2c337b80,202930
snapshot-code-name,212627,"LazyCompile:SetUpString native string.js:943"
snapshot-pos,0x2c338020,212627
snapshot-code-name,214111,"LazyCompile:b native string.js:36"
snapshot-pos,0x2c337de0,214111
snapshot-code-name,215701,"Script:native math.js"
snapshot-pos,0x2c3386e0,215701
snapshot-code-name,216011,"LazyCompile:MathConstructor native math.js:38"
snapshot-pos,0x2c338880,216011
snapshot-code-name,219610,"LazyCompile:SetUpMath native math.js:198"
snapshot-pos,0x2c338980,219610
snapshot-code-name,221672,"Script:native date.js"
snapshot-pos,0x2c33d980,221672
snapshot-code-name,229204,"LazyCompile:TimeClip native date.js:378"
snapshot-pos,0x2c33e5c0,229204
snapshot-code-name,237079,"LazyCompile:SetUpDate native date.js:1051"
snapshot-pos,0x2c33eae0,237079
snapshot-code-name,239866,"LazyCompile:WeekDays native date.js:398"
snapshot-pos,0x2c33e020,239866
snapshot-code-name,243267,"Script:native array.js"
snapshot-pos,0x2c3369e0,243267
snapshot-code-name,252831,"LazyCompile:SetUpArray native array.js:1317"
snapshot-pos,0x2c336ee0,252831
snapshot-code-name,253490,"Function:getFunction native array.js:1330"
snapshot-pos,0x2c336aa0,253490
snapshot-code-name,255930,"Script:native uri.js"
snapshot-pos,0x2c338520,255930
snapshot-code-name,259904,"LazyCompile:SetUpUri native uri.js:395"
snapshot-pos,0x2c3385e0,259904
snapshot-code-name,260608,"Script:native messages.js"
snapshot-pos,0x2c338f80,260608
snapshot-code-name,266787,"LazyCompile:MakeGenericError native messages.js:107"
snapshot-pos,0x2c33ab00,266787
snapshot-code-name,267631,"LazyCompile:MakeRangeError native messages.js:297"
snapshot-pos,0x2c33aa80,267631
snapshot-code-name,270272,"LazyCompile:DefineOneShotAccessor native messages.js:727"
snapshot-pos,0x2c33ae40,270272
snapshot-code-name,270547,"Function:getter native messages.js:733"
snapshot-pos,0x2c33ac80,270547
snapshot-code-name,270989,"Function:setter native messages.js:741"
snapshot-pos,0x2c33ad80,270989
snapshot-code-name,274118,"LazyCompile:captureStackTrace native messages.js:1054"
snapshot-pos,0x2c33a800,274118
snapshot-code-name,274621,"Function: native messages.js:1063"
snapshot-pos,0x2c33a780,274621
snapshot-code-name,275087,"LazyCompile:SetUpError native messages.js:1069"
snapshot-pos,0x2c3398c0,275087
snapshot-code-name,275288,"LazyCompile:DefineError native messages.js:1072"
snapshot-pos,0x2c339ca0,275288
snapshot-code-name,275624,"Function:ErrorPrototype native messages.js:1088"
snapshot-pos,0x2c339a00,275624
snapshot-code-name,276298,"Function: native messages.js:1104"
snapshot-pos,0x2c339b00,276298
snapshot-code-name,276681,"Function: native messages.js:1115"
snapshot-pos,0x2c339a60,276681
snapshot-code-name,279063,"LazyCompile:b native messages.js:124"
snapshot-pos,0x2c3395a0,279063
snapshot-code-name,283111,"Builtin:Illegal"
snapshot-pos,0x2c32c3c0,283111
snapshot-code-name,283188,"Builtin:EmptyFunction"
snapshot-pos,0x2c32c400,283188
snapshot-code-name,283265,"Builtin:ArrayCodeGeneric"
snapshot-pos,0x2c32c440,283265
snapshot-code-name,283342,"Builtin:ArrayPush"
snapshot-pos,0x2c32c480,283342
snapshot-code-name,283419,"Builtin:ArrayPop"
snapshot-pos,0x2c32c4c0,283419
snapshot-code-name,283496,"Builtin:ArrayShift"
snapshot-pos,0x2c32c500,283496
snapshot-code-name,283573,"Builtin:ArrayUnshift"
snapshot-pos,0x2c32c540,283573
snapshot-code-name,283650,"Builtin:ArraySlice"
snapshot-pos,0x2c32c580,283650
snapshot-code-name,283727,"Builtin:ArraySplice"
snapshot-pos,0x2c32c5c0,283727
snapshot-code-name,283804,"Builtin:ArrayConcat"
snapshot-pos,0x2c32c600,283804
snapshot-code-name,283881,"Builtin:HandleApiCall"
snapshot-pos,0x2c32c640,283881
snapshot-code-name,283958,"Builtin:FastHandleApiCall"
snapshot-pos,0x2c32c680,283958
snapshot-code-name,284035,"Builtin:HandleApiCallConstruct"
snapshot-pos,0x2c32c6c0,284035
snapshot-code-name,284112,"Builtin:HandleApiCallAsFunction"
snapshot-pos,0x2c32c700,284112
snapshot-code-name,284189,"Builtin:HandleApiCallAsConstructor"
snapshot-pos,0x2c32c740,284189
snapshot-code-name,284266,"Builtin:StrictModePoisonPill"
snapshot-pos,0x2c32c780,284266
snapshot-code-name,284349,"Builtin:JSConstructStubCountdown"
snapshot-pos,0x2c32c8c0,284349
snapshot-code-name,284836,"Builtin:JSConstructStubApi"
snapshot-pos,0x2c32cc20,284836
snapshot-code-name,285248,"Builtin:JSEntryTrampoline"
snapshot-pos,0x2c32cda0,285248
snapshot-code-name,285389,"Builtin:JSConstructEntryTrampoline"
snapshot-pos,0x2c32ce20,285389
snapshot-code-name,285500,"Builtin:LazyRecompile"
snapshot-pos,0x2c32cee0,285500
snapshot-code-name,285610,"Builtin:NotifyDeoptimized"
snapshot-pos,0x2c32cf40,285610
snapshot-code-name,285757,"Builtin:NotifyLazyDeoptimized"
snapshot-pos,0x2c32cfc0,285757
snapshot-code-name,285904,"Builtin:NotifyOSR"
snapshot-pos,0x2c32d040,285904
snapshot-code-name,285979,"Builtin:LoadIC_Miss"
snapshot-pos,0x2c32d080,285979
snapshot-code-name,286057,"Builtin:KeyedLoadIC_Miss"
snapshot-pos,0x2c32d0c0,286057
snapshot-code-name,286138,"Builtin:KeyedLoadIC_Slow"
snapshot-pos,0x2c32d140,286138
snapshot-code-name,286216,"Builtin:StoreIC_Miss"
snapshot-pos,0x2c32d180,286216
snapshot-code-name,286293,"Builtin:KeyedStoreIC_Miss"
snapshot-pos,0x2c32d1c0,286293
snapshot-code-name,286370,"Builtin:KeyedStoreIC_MissForceGeneric"
snapshot-pos,0x2c32d200,286370
snapshot-code-name,286447,"Builtin:KeyedStoreIC_Slow"
snapshot-pos,0x2c32d240,286447
snapshot-code-name,286527,"Builtin:LoadIC_PreMonomorphic"
snapshot-pos,0x2c32d2c0,286527
snapshot-code-name,286605,"Builtin:LoadIC_Normal"
snapshot-pos,0x2c32d5e0,286605
snapshot-code-name,286916,"Builtin:LoadIC_ArrayLength"
snapshot-pos,0x2c32d700,286916
snapshot-code-name,286992,"Builtin:LoadIC_StringLength"
snapshot-pos,0x2c32d740,286992
snapshot-code-name,287101,"Builtin:LoadIC_StringWrapperLength"
snapshot-pos,0x2c32d7a0,287101
snapshot-code-name,287242,"Builtin:LoadIC_FunctionPrototype"
snapshot-pos,0x2c32d820,287242
snapshot-code-name,287383,"Builtin:LoadIC_Megamorphic"
snapshot-pos,0x2c32d8a0,287383
snapshot-code-name,287642,"Builtin:KeyedLoadIC_PreMonomorphic"
snapshot-pos,0x2c32d9c0,287642
snapshot-code-name,287721,"Builtin:KeyedLoadIC_Generic"
snapshot-pos,0x2c32dce0,287721
snapshot-code-name,288427,"Builtin:KeyedLoadIC_String"
snapshot-pos,0x2c32e020,288427
snapshot-code-name,288931,"Builtin:KeyedLoadIC_IndexedInterceptor"
snapshot-pos,0x2c32e1e0,288931
snapshot-code-name,289078,"Builtin:KeyedLoadIC_NonStrictArguments"
snapshot-pos,0x2c32e260,289078
snapshot-code-name,289291,"Builtin:StoreIC_ArrayLength"
snapshot-pos,0x2c32e360,289291
snapshot-code-name,289439,"Builtin:StoreIC_Normal"
snapshot-pos,0x2c32e6c0,289439
snapshot-code-name,289817,"Builtin:StoreIC_Megamorphic"
snapshot-pos,0x2c32e820,289817
snapshot-code-name,290080,"Builtin:StoreIC_GlobalProxy"
snapshot-pos,0x2c32e900,290080
snapshot-code-name,290157,"Builtin:StoreIC_Initialize_Strict"
snapshot-pos,0x2c32e940,290157
snapshot-code-name,290234,"Builtin:StoreIC_ArrayLength_Strict"
snapshot-pos,0x2c32e980,290234
snapshot-code-name,290382,"Builtin:StoreIC_Normal_Strict"
snapshot-pos,0x2c32ea00,290382
snapshot-code-name,290760,"Builtin:StoreIC_Megamorphic_Strict"
snapshot-pos,0x2c32eb60,290760
snapshot-code-name,291021,"Builtin:StoreIC_GlobalProxy_Strict"
snapshot-pos,0x2c32ec40,291021
snapshot-code-name,291101,"Builtin:KeyedStoreIC_Generic"
snapshot-pos,0x2c32ecc0,291101
snapshot-code-name,291380,"Builtin:KeyedStoreIC_Initialize_Strict"
snapshot-pos,0x2c32edc0,291380
snapshot-code-name,291457,"Builtin:KeyedStoreIC_Generic_Strict"
snapshot-pos,0x2c32ee00,291457
snapshot-code-name,291736,"Builtin:KeyedStoreIC_NonStrictArguments"
snapshot-pos,0x2c32ef00,291736
snapshot-code-name,292047,"Builtin:FunctionCall"
snapshot-pos,0x2c32f020,292047
snapshot-code-name,292421,"Builtin:FunctionApply"
snapshot-pos,0x2c32f180,292421
snapshot-code-name,292826,"Builtin:ArrayCode"
snapshot-pos,0x2c32f300,292826
snapshot-code-name,293308,"Builtin:ArrayConstructCode"
snapshot-pos,0x2c32f4c0,293308
snapshot-code-name,293787,"Builtin:StringConstructCode"
snapshot-pos,0x2c32f680,293787
snapshot-code-name,294170,"Builtin:OnStackReplacement"
snapshot-pos,0x2c32f820,294170
snapshot-code-name,294717,"Builtin:ConstructCall_DebugBreak"
snapshot-pos,0x2c32fa80,294717
snapshot-code-name,294829,"Builtin:StubNoRegisters_DebugBreak"
snapshot-pos,0x2c32fae0,294829
snapshot-code-name,294908,"Builtin:LoadIC_DebugBreak"
snapshot-pos,0x2c32fb20,294908
snapshot-code-name,295020,"Builtin:KeyedLoadIC_DebugBreak"
snapshot-pos,0x2c32fb80,295020
snapshot-code-name,295132,"Builtin:StoreIC_DebugBreak"
snapshot-pos,0x2c32fbe0,295132
snapshot-code-name,295243,"Builtin:KeyedStoreIC_DebugBreak"
snapshot-pos,0x2c32fc40,295243
snapshot-code-name,295357,"Builtin:PlainReturn_LiveEdit"
snapshot-pos,0x2c32fd00,295357
snapshot-code-name,295429,"Builtin:FrameDropper_LiveEdit"
snapshot-pos,0x2c32fd40,295429
